{
  "/Users/mac/wednesday/react-native-boilerplate/app/app.js": {
    "path": "/Users/mac/wednesday/react-native-boilerplate/app/app.js",
    "statementMap": {
      "0": {
        "start": { "line": 9, "column": 29 },
        "end": { "line": 9, "column": 42 }
      },
      "1": {
        "start": { "line": 11, "column": 12 },
        "end": { "line": 19, "column": 1 }
      },
      "2": {
        "start": { "line": 12, "column": 2 },
        "end": { "line": 18, "column": 13 }
      }
    },
    "fnMap": {
      "0": {
        "name": "(anonymous_0)",
        "decl": {
          "start": { "line": 11, "column": 12 },
          "end": { "line": 11, "column": 13 }
        },
        "loc": {
          "start": { "line": 12, "column": 2 },
          "end": { "line": 18, "column": 13 }
        },
        "line": 12
      }
    },
    "branchMap": {},
    "s": { "0": 1, "1": 1, "2": 1 },
    "f": { "0": 1 },
    "b": {},
    "_coverageSchema": "43e27e138ebf9cfc5966b082cf9a028302ed4184",
    "hash": "0f1428b770f6217809fff91e06c6714e655cfda5"
  },
  "/Users/mac/wednesday/react-native-boilerplate/app/i18n.js": {
    "path": "/Users/mac/wednesday/react-native-boilerplate/app/i18n.js",
    "statementMap": {
      "0": {
        "start": { "line": 10, "column": 22 },
        "end": { "line": 10, "column": 57 }
      },
      "1": {
        "start": { "line": 12, "column": 21 },
        "end": { "line": 12, "column": 57 }
      },
      "2": {
        "start": { "line": 14, "column": 30 },
        "end": { "line": 14, "column": 63 }
      },
      "3": {
        "start": { "line": 16, "column": 0 },
        "end": { "line": 16, "column": 28 }
      },
      "4": {
        "start": { "line": 18, "column": 30 },
        "end": { "line": 18, "column": 34 }
      },
      "5": {
        "start": { "line": 21, "column": 26 },
        "end": { "line": 23, "column": 1 }
      },
      "6": {
        "start": { "line": 25, "column": 41 },
        "end": { "line": 38, "column": 1 }
      },
      "7": {
        "start": { "line": 27, "column": 4 },
        "end": { "line": 29, "column": 10 }
      },
      "8": {
        "start": { "line": 30, "column": 35 },
        "end": { "line": 36, "column": 3 }
      },
      "9": {
        "start": { "line": 32, "column": 6 },
        "end": { "line": 34, "column": 23 }
      },
      "10": {
        "start": { "line": 35, "column": 4 },
        "end": { "line": 35, "column": 73 }
      },
      "11": {
        "start": { "line": 37, "column": 2 },
        "end": { "line": 37, "column": 68 }
      },
      "12": {
        "start": { "line": 40, "column": 35 },
        "end": { "line": 42, "column": 1 }
      }
    },
    "fnMap": {
      "0": {
        "name": "(anonymous_0)",
        "decl": {
          "start": { "line": 25, "column": 41 },
          "end": { "line": 25, "column": 42 }
        },
        "loc": {
          "start": { "line": 25, "column": 63 },
          "end": { "line": 38, "column": 1 }
        },
        "line": 25
      },
      "1": {
        "name": "(anonymous_1)",
        "decl": {
          "start": { "line": 30, "column": 35 },
          "end": { "line": 30, "column": 36 }
        },
        "loc": {
          "start": { "line": 30, "column": 63 },
          "end": { "line": 36, "column": 3 }
        },
        "line": 30
      }
    },
    "branchMap": {
      "0": {
        "loc": {
          "start": { "line": 27, "column": 4 },
          "end": { "line": 29, "column": 10 }
        },
        "type": "cond-expr",
        "locations": [
          {
            "start": { "line": 28, "column": 8 },
            "end": { "line": 28, "column": 72 }
          },
          {
            "start": { "line": 29, "column": 8 },
            "end": { "line": 29, "column": 10 }
          }
        ],
        "line": 27
      },
      "1": {
        "loc": {
          "start": { "line": 32, "column": 6 },
          "end": { "line": 34, "column": 23 }
        },
        "type": "cond-expr",
        "locations": [
          {
            "start": { "line": 33, "column": 10 },
            "end": { "line": 33, "column": 39 }
          },
          {
            "start": { "line": 34, "column": 10 },
            "end": { "line": 34, "column": 23 }
          }
        ],
        "line": 32
      },
      "2": {
        "loc": {
          "start": { "line": 32, "column": 6 },
          "end": { "line": 32, "column": 49 }
        },
        "type": "binary-expr",
        "locations": [
          {
            "start": { "line": 32, "column": 6 },
            "end": { "line": 32, "column": 20 }
          },
          {
            "start": { "line": 32, "column": 24 },
            "end": { "line": 32, "column": 49 }
          }
        ],
        "line": 32
      }
    },
    "s": {
      "0": 12,
      "1": 12,
      "2": 12,
      "3": 12,
      "4": 12,
      "5": 12,
      "6": 12,
      "7": 15,
      "8": 15,
      "9": 62,
      "10": 62,
      "11": 15,
      "12": 12
    },
    "f": { "0": 15, "1": 62 },
    "b": { "0": [1, 14], "1": [1, 61], "2": [62, 1] },
    "_coverageSchema": "43e27e138ebf9cfc5966b082cf9a028302ed4184",
    "hash": "f52a914cfed15811ba95ba40867a4797c0935705"
  },
  "/Users/mac/wednesday/react-native-boilerplate/app/rootReducer.js": {
    "path": "/Users/mac/wednesday/react-native-boilerplate/app/rootReducer.js",
    "statementMap": {
      "0": {
        "start": { "line": 7, "column": 22 },
        "end": { "line": 9, "column": 4 }
      },
      "1": {
        "start": { "line": 11, "column": 2 },
        "end": { "line": 11, "column": 47 }
      }
    },
    "fnMap": {
      "0": {
        "name": "(anonymous_0)",
        "decl": {
          "start": { "line": 6, "column": 15 },
          "end": { "line": 6, "column": 16 }
        },
        "loc": {
          "start": { "line": 6, "column": 21 },
          "end": { "line": 12, "column": 1 }
        },
        "line": 6
      }
    },
    "branchMap": {},
    "s": { "0": 6, "1": 6 },
    "f": { "0": 6 },
    "b": {},
    "_coverageSchema": "43e27e138ebf9cfc5966b082cf9a028302ed4184",
    "hash": "d2fbbe88503bb3f020b29d1f03c04625209a9161"
  },
  "/Users/mac/wednesday/react-native-boilerplate/app/rootSaga.js": {
    "path": "/Users/mac/wednesday/react-native-boilerplate/app/rootSaga.js",
    "statementMap": {
      "0": {
        "start": { "line": 6, "column": 2 },
        "end": { "line": 6, "column": 26 }
      },
      "1": {
        "start": { "line": 7, "column": 2 },
        "end": { "line": 7, "column": 26 }
      }
    },
    "fnMap": {
      "0": {
        "name": "root",
        "decl": {
          "start": { "line": 5, "column": 25 },
          "end": { "line": 5, "column": 29 }
        },
        "loc": {
          "start": { "line": 5, "column": 32 },
          "end": { "line": 8, "column": 1 }
        },
        "line": 5
      }
    },
    "branchMap": {},
    "s": { "0": 6, "1": 6 },
    "f": { "0": 6 },
    "b": {},
    "_coverageSchema": "43e27e138ebf9cfc5966b082cf9a028302ed4184",
    "hash": "5c01e8d9f0d51dfea679065a0673c779d440e66f"
  },
  "/Users/mac/wednesday/react-native-boilerplate/app/assets/images/logo.png": {
    "path": "/Users/mac/wednesday/react-native-boilerplate/app/assets/images/logo.png",
    "statementMap": {
      "0": {
        "start": { "line": 1, "column": 0 },
        "end": { "line": 4, "column": 6 }
      }
    },
    "fnMap": {},
    "branchMap": {},
    "s": { "0": 4 },
    "f": {},
    "b": {},
    "_coverageSchema": "43e27e138ebf9cfc5966b082cf9a028302ed4184",
    "hash": "3d94afbcb363d7e2cad449c169f6a869f6ac8813"
  },
  "/Users/mac/wednesday/react-native-boilerplate/app/assets/images/wednesday-logo.png": {
    "path": "/Users/mac/wednesday/react-native-boilerplate/app/assets/images/wednesday-logo.png",
    "statementMap": {
      "0": {
        "start": { "line": 1, "column": 0 },
        "end": { "line": 4, "column": 6 }
      }
    },
    "fnMap": {},
    "branchMap": {},
    "s": { "0": 4 },
    "f": {},
    "b": {},
    "_coverageSchema": "43e27e138ebf9cfc5966b082cf9a028302ed4184",
    "hash": "dc80bfbecf8ffbb8f36cf602fdfe3c663c2e406a"
  },
  "/Users/mac/wednesday/react-native-boilerplate/app/components/Container/index.js": {
    "path": "/Users/mac/wednesday/react-native-boilerplate/app/components/Container/index.js",
    "statementMap": {
      "0": {
        "start": { "line": 10, "column": 24 },
        "end": { "line": 13, "column": 1 }
      },
      "1": {
        "start": { "line": 14, "column": 18 },
        "end": { "line": 16, "column": 1 }
      },
      "2": {
        "start": { "line": 15, "column": 2 },
        "end": { "line": 15, "column": 51 }
      },
      "3": {
        "start": { "line": 18, "column": 0 },
        "end": { "line": 18, "column": 25 }
      }
    },
    "fnMap": {
      "0": {
        "name": "(anonymous_0)",
        "decl": {
          "start": { "line": 14, "column": 18 },
          "end": { "line": 14, "column": 19 }
        },
        "loc": {
          "start": { "line": 15, "column": 2 },
          "end": { "line": 15, "column": 51 }
        },
        "line": 15
      }
    },
    "branchMap": {},
    "s": { "0": 5, "1": 5, "2": 16, "3": 5 },
    "f": { "0": 16 },
    "b": {},
    "_coverageSchema": "43e27e138ebf9cfc5966b082cf9a028302ed4184",
    "hash": "58e8f6ff1f1be4d8f67998753c8ae50af629d583"
  },
  "/Users/mac/wednesday/react-native-boilerplate/app/components/SplashScreen/index.js": {
    "path": "/Users/mac/wednesday/react-native-boilerplate/app/components/SplashScreen/index.js",
    "statementMap": {
      "0": {
        "start": { "line": 6, "column": 18 },
        "end": { "line": 11, "column": 1 }
      },
      "1": {
        "start": { "line": 13, "column": 13 },
        "end": { "line": 18, "column": 1 }
      },
      "2": {
        "start": { "line": 20, "column": 21 },
        "end": { "line": 24, "column": 1 }
      },
      "3": {
        "start": { "line": 21, "column": 2 },
        "end": { "line": 23, "column": 14 }
      }
    },
    "fnMap": {
      "0": {
        "name": "(anonymous_0)",
        "decl": {
          "start": { "line": 20, "column": 21 },
          "end": { "line": 20, "column": 22 }
        },
        "loc": {
          "start": { "line": 21, "column": 2 },
          "end": { "line": 23, "column": 14 }
        },
        "line": 21
      }
    },
    "branchMap": {},
    "s": { "0": 3, "1": 3, "2": 3, "3": 6 },
    "f": { "0": 6 },
    "b": {},
    "_coverageSchema": "43e27e138ebf9cfc5966b082cf9a028302ed4184",
    "hash": "af6d7b5e682a0028f6be28112e56a5fff263459d"
  },
  "/Users/mac/wednesday/react-native-boilerplate/app/components/T/index.js": {
    "path": "/Users/mac/wednesday/react-native-boilerplate/app/components/T/index.js",
    "statementMap": {
      "0": {
        "start": { "line": 13, "column": 10 },
        "end": { "line": 15, "column": 1 }
      },
      "1": {
        "start": { "line": 14, "column": 2 },
        "end": { "line": 14, "column": 69 }
      },
      "2": {
        "start": { "line": 17, "column": 0 },
        "end": { "line": 21, "column": 2 }
      },
      "3": {
        "start": { "line": 22, "column": 0 },
        "end": { "line": 24, "column": 2 }
      }
    },
    "fnMap": {
      "0": {
        "name": "(anonymous_0)",
        "decl": {
          "start": { "line": 13, "column": 10 },
          "end": { "line": 13, "column": 11 }
        },
        "loc": {
          "start": { "line": 14, "column": 2 },
          "end": { "line": 14, "column": 69 }
        },
        "line": 14
      }
    },
    "branchMap": {},
    "s": { "0": 5, "1": 9, "2": 5, "3": 5 },
    "f": { "0": 9 },
    "b": {},
    "_coverageSchema": "43e27e138ebf9cfc5966b082cf9a028302ed4184",
    "hash": "2c88b1427d7cb34c39fdf61b2598c5698c836b0a"
  },
  "/Users/mac/wednesday/react-native-boilerplate/app/config/index.js": {
    "path": "/Users/mac/wednesday/react-native-boilerplate/app/config/index.js",
    "statementMap": {
      "0": {
        "start": { "line": 1, "column": 22 },
        "end": { "line": 3, "column": 1 }
      }
    },
    "fnMap": {},
    "branchMap": {},
    "s": { "0": 10 },
    "f": {},
    "b": {},
    "_coverageSchema": "43e27e138ebf9cfc5966b082cf9a028302ed4184",
    "hash": "d6e171b5ca08da90501dcec193bfac9d955780f5"
  },
  "/Users/mac/wednesday/react-native-boilerplate/app/containers/ExampleScreen/index.js": {
    "path": "/Users/mac/wednesday/react-native-boilerplate/app/containers/ExampleScreen/index.js",
    "statementMap": {
      "0": {
        "start": { "line": 28, "column": 18 },
        "end": { "line": 32, "column": 1 }
      },
      "1": {
        "start": { "line": 34, "column": 16 },
        "end": { "line": 38, "column": 1 }
      },
      "2": {
        "start": { "line": 40, "column": 21 },
        "end": { "line": 45, "column": 1 }
      },
      "3": {
        "start": { "line": 47, "column": 15 },
        "end": { "line": 51, "column": 1 }
      },
      "4": {
        "start": { "line": 53, "column": 23 },
        "end": { "line": 57, "column": 1 }
      },
      "5": {
        "start": { "line": 58, "column": 14 },
        "end": { "line": 63, "column": 1 }
      },
      "6": {
        "start": { "line": 65, "column": 22 },
        "end": { "line": 69, "column": 1 }
      },
      "7": {
        "start": { "line": 70, "column": 13 },
        "end": { "line": 73, "column": 1 }
      },
      "8": {
        "start": { "line": 75, "column": 22 },
        "end": { "line": 79, "column": 1 }
      },
      "9": {
        "start": { "line": 80, "column": 21 },
        "end": { "line": 82, "column": 1 }
      },
      "10": {
        "start": { "line": 83, "column": 21 },
        "end": { "line": 87, "column": 2 }
      },
      "11": {
        "start": { "line": 91, "column": 4 },
        "end": { "line": 91, "column": 30 }
      },
      "12": {
        "start": { "line": 94, "column": 27 },
        "end": { "line": 96, "column": 3 }
      },
      "13": {
        "start": { "line": 95, "column": 4 },
        "end": { "line": 95, "column": 27 }
      },
      "14": {
        "start": { "line": 99, "column": 4 },
        "end": { "line": 136, "column": 6 }
      },
      "15": {
        "start": { "line": 140, "column": 0 },
        "end": { "line": 145, "column": 2 }
      },
      "16": {
        "start": { "line": 147, "column": 24 },
        "end": { "line": 151, "column": 2 }
      },
      "17": {
        "start": { "line": 153, "column": 27 },
        "end": { "line": 155, "column": 2 }
      },
      "18": {
        "start": { "line": 153, "column": 40 },
        "end": { "line": 155, "column": 1 }
      },
      "19": {
        "start": { "line": 154, "column": 19 },
        "end": { "line": 154, "column": 68 }
      },
      "20": {
        "start": { "line": 157, "column": 20 },
        "end": { "line": 160, "column": 1 }
      }
    },
    "fnMap": {
      "0": {
        "name": "(anonymous_0)",
        "decl": {
          "start": { "line": 90, "column": 2 },
          "end": { "line": 90, "column": 3 }
        },
        "loc": {
          "start": { "line": 90, "column": 22 },
          "end": { "line": 92, "column": 3 }
        },
        "line": 90
      },
      "1": {
        "name": "(anonymous_1)",
        "decl": {
          "start": { "line": 94, "column": 21 },
          "end": { "line": 94, "column": 22 }
        },
        "loc": {
          "start": { "line": 94, "column": 27 },
          "end": { "line": 96, "column": 3 }
        },
        "line": 94
      },
      "2": {
        "name": "(anonymous_2)",
        "decl": {
          "start": { "line": 94, "column": 27 },
          "end": { "line": 94, "column": 28 }
        },
        "loc": {
          "start": { "line": 94, "column": 33 },
          "end": { "line": 96, "column": 3 }
        },
        "line": 94
      },
      "3": {
        "name": "(anonymous_3)",
        "decl": {
          "start": { "line": 98, "column": 2 },
          "end": { "line": 98, "column": 3 }
        },
        "loc": {
          "start": { "line": 98, "column": 11 },
          "end": { "line": 137, "column": 3 }
        },
        "line": 98
      },
      "4": {
        "name": "(anonymous_4)",
        "decl": {
          "start": { "line": 153, "column": 27 },
          "end": { "line": 153, "column": 28 }
        },
        "loc": {
          "start": { "line": 153, "column": 40 },
          "end": { "line": 155, "column": 1 }
        },
        "line": 153
      },
      "5": {
        "name": "(anonymous_5)",
        "decl": {
          "start": { "line": 154, "column": 13 },
          "end": { "line": 154, "column": 14 }
        },
        "loc": {
          "start": { "line": 154, "column": 19 },
          "end": { "line": 154, "column": 68 }
        },
        "line": 154
      }
    },
    "branchMap": {
      "0": {
        "loc": {
          "start": { "line": 101, "column": 9 },
          "end": { "line": 134, "column": 9 }
        },
        "type": "cond-expr",
        "locations": [
          {
            "start": { "line": 102, "column": 10 },
            "end": { "line": 102, "column": 76 }
          },
          {
            "start": { "line": 104, "column": 10 },
            "end": { "line": 133, "column": 17 }
          }
        ],
        "line": 101
      },
      "1": {
        "loc": {
          "start": { "line": 110, "column": 13 },
          "end": { "line": 131, "column": 13 }
        },
        "type": "cond-expr",
        "locations": [
          {
            "start": { "line": 111, "column": 14 },
            "end": { "line": 111, "column": 58 }
          },
          {
            "start": { "line": 113, "column": 14 },
            "end": { "line": 130, "column": 30 }
          }
        ],
        "line": 110
      },
      "2": {
        "loc": {
          "start": { "line": 118, "column": 32 },
          "end": { "line": 118, "column": 80 }
        },
        "type": "binary-expr",
        "locations": [
          {
            "start": { "line": 118, "column": 32 },
            "end": { "line": 118, "column": 65 }
          },
          {
            "start": { "line": 118, "column": 69 },
            "end": { "line": 118, "column": 80 }
          }
        ],
        "line": 118
      }
    },
    "s": {
      "0": 3,
      "1": 3,
      "2": 3,
      "3": 3,
      "4": 3,
      "5": 3,
      "6": 3,
      "7": 3,
      "8": 3,
      "9": 3,
      "10": 3,
      "11": 4,
      "12": 7,
      "13": 4,
      "14": 4,
      "15": 3,
      "16": 3,
      "17": 3,
      "18": 0,
      "19": 0,
      "20": 3
    },
    "f": { "0": 4, "1": 7, "2": 4, "3": 4, "4": 0, "5": 0 },
    "b": { "0": [1, 3], "1": [0, 3], "2": [3, 3] },
    "_coverageSchema": "43e27e138ebf9cfc5966b082cf9a028302ed4184",
    "hash": "a62396a0e434c59419b1bc1ce5327a113c633097"
  },
  "/Users/mac/wednesday/react-native-boilerplate/app/containers/ExampleScreen/reducer.js": {
    "path": "/Users/mac/wednesday/react-native-boilerplate/app/containers/ExampleScreen/reducer.js",
    "statementMap": {
      "0": {
        "start": { "line": 7, "column": 4 },
        "end": { "line": 14, "column": 2 }
      },
      "1": {
        "start": { "line": 16, "column": 28 },
        "end": { "line": 20, "column": 2 }
      },
      "2": {
        "start": { "line": 22, "column": 25 },
        "end": { "line": 23, "column": 64 }
      },
      "3": {
        "start": { "line": 23, "column": 2 },
        "end": { "line": 23, "column": 64 }
      },
      "4": {
        "start": { "line": 25, "column": 32 },
        "end": { "line": 29, "column": 34 }
      },
      "5": {
        "start": { "line": 26, "column": 2 },
        "end": { "line": 29, "column": 34 }
      },
      "6": {
        "start": { "line": 31, "column": 32 },
        "end": { "line": 35, "column": 42 }
      },
      "7": {
        "start": { "line": 32, "column": 2 },
        "end": { "line": 35, "column": 42 }
      },
      "8": {
        "start": { "line": 40, "column": 39 },
        "end": { "line": 52, "column": 4 }
      },
      "9": {
        "start": { "line": 41, "column": 2 },
        "end": { "line": 52, "column": 4 }
      },
      "10": {
        "start": { "line": 42, "column": 4 },
        "end": { "line": 51, "column": 5 }
      },
      "11": {
        "start": { "line": 44, "column": 8 },
        "end": { "line": 44, "column": 40 }
      },
      "12": {
        "start": { "line": 46, "column": 8 },
        "end": { "line": 46, "column": 47 }
      },
      "13": {
        "start": { "line": 48, "column": 8 },
        "end": { "line": 48, "column": 47 }
      },
      "14": {
        "start": { "line": 50, "column": 8 },
        "end": { "line": 50, "column": 21 }
      }
    },
    "fnMap": {
      "0": {
        "name": "(anonymous_0)",
        "decl": {
          "start": { "line": 22, "column": 25 },
          "end": { "line": 22, "column": 26 }
        },
        "loc": {
          "start": { "line": 23, "column": 2 },
          "end": { "line": 23, "column": 64 }
        },
        "line": 23
      },
      "1": {
        "name": "(anonymous_1)",
        "decl": {
          "start": { "line": 25, "column": 32 },
          "end": { "line": 25, "column": 33 }
        },
        "loc": {
          "start": { "line": 26, "column": 2 },
          "end": { "line": 29, "column": 34 }
        },
        "line": 26
      },
      "2": {
        "name": "(anonymous_2)",
        "decl": {
          "start": { "line": 31, "column": 32 },
          "end": { "line": 31, "column": 33 }
        },
        "loc": {
          "start": { "line": 32, "column": 2 },
          "end": { "line": 35, "column": 42 }
        },
        "line": 32
      },
      "3": {
        "name": "(anonymous_3)",
        "decl": {
          "start": { "line": 40, "column": 39 },
          "end": { "line": 40, "column": 40 }
        },
        "loc": {
          "start": { "line": 41, "column": 2 },
          "end": { "line": 52, "column": 4 }
        },
        "line": 41
      },
      "4": {
        "name": "(anonymous_4)",
        "decl": {
          "start": { "line": 41, "column": 17 },
          "end": { "line": 41, "column": 18 }
        },
        "loc": {
          "start": { "line": 41, "column": 23 },
          "end": { "line": 52, "column": 3 }
        },
        "line": 41
      }
    },
    "branchMap": {
      "0": {
        "loc": {
          "start": { "line": 40, "column": 40 },
          "end": { "line": 40, "column": 60 }
        },
        "type": "default-arg",
        "locations": [
          {
            "start": { "line": 40, "column": 48 },
            "end": { "line": 40, "column": 60 }
          }
        ],
        "line": 40
      },
      "1": {
        "loc": {
          "start": { "line": 42, "column": 4 },
          "end": { "line": 51, "column": 5 }
        },
        "type": "switch",
        "locations": [
          {
            "start": { "line": 43, "column": 6 },
            "end": { "line": 44, "column": 40 }
          },
          {
            "start": { "line": 45, "column": 6 },
            "end": { "line": 46, "column": 47 }
          },
          {
            "start": { "line": 47, "column": 6 },
            "end": { "line": 48, "column": 47 }
          },
          {
            "start": { "line": 49, "column": 6 },
            "end": { "line": 50, "column": 21 }
          }
        ],
        "line": 42
      }
    },
    "s": {
      "0": 11,
      "1": 11,
      "2": 11,
      "3": 1,
      "4": 11,
      "5": 1,
      "6": 11,
      "7": 1,
      "8": 11,
      "9": 30,
      "10": 30,
      "11": 1,
      "12": 1,
      "13": 1,
      "14": 27
    },
    "f": { "0": 1, "1": 1, "2": 1, "3": 30, "4": 30 },
    "b": { "0": [19], "1": [1, 1, 1, 27] },
    "_coverageSchema": "43e27e138ebf9cfc5966b082cf9a028302ed4184",
    "hash": "72f7a497bbc551e95a90c36d627e03540d6adf36"
  },
  "/Users/mac/wednesday/react-native-boilerplate/app/containers/ExampleScreen/saga.js": {
    "path": "/Users/mac/wednesday/react-native-boilerplate/app/containers/ExampleScreen/saga.js",
    "statementMap": {
      "0": {
        "start": { "line": 13, "column": 19 },
        "end": { "line": 13, "column": 38 }
      },
      "1": {
        "start": { "line": 14, "column": 2 },
        "end": { "line": 23, "column": 3 }
      },
      "2": {
        "start": { "line": 15, "column": 21 },
        "end": { "line": 15, "column": 29 }
      },
      "3": {
        "start": { "line": 16, "column": 4 },
        "end": { "line": 16, "column": 69 }
      },
      "4": {
        "start": { "line": 18, "column": 4 },
        "end": { "line": 22, "column": 6 }
      },
      "5": {
        "start": { "line": 27, "column": 2 },
        "end": { "line": 27, "column": 69 }
      }
    },
    "fnMap": {
      "0": {
        "name": "fetchUser",
        "decl": {
          "start": { "line": 12, "column": 17 },
          "end": { "line": 12, "column": 26 }
        },
        "loc": {
          "start": { "line": 12, "column": 29 },
          "end": { "line": 24, "column": 1 }
        },
        "line": 12
      },
      "1": {
        "name": "searchListContainerSaga",
        "decl": {
          "start": { "line": 26, "column": 25 },
          "end": { "line": 26, "column": 48 }
        },
        "loc": {
          "start": { "line": 26, "column": 51 },
          "end": { "line": 28, "column": 1 }
        },
        "line": 26
      }
    },
    "branchMap": {
      "0": {
        "loc": {
          "start": { "line": 14, "column": 2 },
          "end": { "line": 23, "column": 3 }
        },
        "type": "if",
        "locations": [
          {
            "start": { "line": 14, "column": 2 },
            "end": { "line": 23, "column": 3 }
          },
          {
            "start": { "line": 14, "column": 2 },
            "end": { "line": 23, "column": 3 }
          }
        ],
        "line": 14
      }
    },
    "s": { "0": 2, "1": 2, "2": 1, "3": 1, "4": 1, "5": 7 },
    "f": { "0": 2, "1": 7 },
    "b": { "0": [1, 1] },
    "_coverageSchema": "43e27e138ebf9cfc5966b082cf9a028302ed4184",
    "hash": "43ca774600136691c26eca4473cc9f1151c0c53d"
  },
  "/Users/mac/wednesday/react-native-boilerplate/app/containers/ExampleScreen/selectors.js": {
    "path": "/Users/mac/wednesday/react-native-boilerplate/app/containers/ExampleScreen/selectors.js",
    "statementMap": {
      "0": {
        "start": { "line": 5, "column": 35 },
        "end": { "line": 6, "column": 40 }
      },
      "1": {
        "start": { "line": 6, "column": 2 },
        "end": { "line": 6, "column": 40 }
      },
      "2": {
        "start": { "line": 8, "column": 26 },
        "end": { "line": 12, "column": 3 }
      },
      "3": {
        "start": { "line": 9, "column": 2 },
        "end": { "line": 12, "column": 3 }
      },
      "4": {
        "start": { "line": 11, "column": 16 },
        "end": { "line": 11, "column": 43 }
      },
      "5": {
        "start": { "line": 14, "column": 35 },
        "end": { "line": 18, "column": 3 }
      },
      "6": {
        "start": { "line": 15, "column": 2 },
        "end": { "line": 18, "column": 3 }
      },
      "7": {
        "start": { "line": 17, "column": 16 },
        "end": { "line": 17, "column": 52 }
      },
      "8": {
        "start": { "line": 20, "column": 38 },
        "end": { "line": 24, "column": 3 }
      },
      "9": {
        "start": { "line": 21, "column": 2 },
        "end": { "line": 24, "column": 3 }
      },
      "10": {
        "start": { "line": 23, "column": 16 },
        "end": { "line": 23, "column": 55 }
      }
    },
    "fnMap": {
      "0": {
        "name": "(anonymous_0)",
        "decl": {
          "start": { "line": 5, "column": 35 },
          "end": { "line": 5, "column": 36 }
        },
        "loc": {
          "start": { "line": 6, "column": 2 },
          "end": { "line": 6, "column": 40 }
        },
        "line": 6
      },
      "1": {
        "name": "(anonymous_1)",
        "decl": {
          "start": { "line": 8, "column": 26 },
          "end": { "line": 8, "column": 27 }
        },
        "loc": {
          "start": { "line": 9, "column": 2 },
          "end": { "line": 12, "column": 3 }
        },
        "line": 9
      },
      "2": {
        "name": "(anonymous_2)",
        "decl": {
          "start": { "line": 11, "column": 4 },
          "end": { "line": 11, "column": 5 }
        },
        "loc": {
          "start": { "line": 11, "column": 16 },
          "end": { "line": 11, "column": 43 }
        },
        "line": 11
      },
      "3": {
        "name": "(anonymous_3)",
        "decl": {
          "start": { "line": 14, "column": 35 },
          "end": { "line": 14, "column": 36 }
        },
        "loc": {
          "start": { "line": 15, "column": 2 },
          "end": { "line": 18, "column": 3 }
        },
        "line": 15
      },
      "4": {
        "name": "(anonymous_4)",
        "decl": {
          "start": { "line": 17, "column": 4 },
          "end": { "line": 17, "column": 5 }
        },
        "loc": {
          "start": { "line": 17, "column": 16 },
          "end": { "line": 17, "column": 52 }
        },
        "line": 17
      },
      "5": {
        "name": "(anonymous_5)",
        "decl": {
          "start": { "line": 20, "column": 38 },
          "end": { "line": 20, "column": 39 }
        },
        "loc": {
          "start": { "line": 21, "column": 2 },
          "end": { "line": 24, "column": 3 }
        },
        "line": 21
      },
      "6": {
        "name": "(anonymous_6)",
        "decl": {
          "start": { "line": 23, "column": 4 },
          "end": { "line": 23, "column": 5 }
        },
        "loc": {
          "start": { "line": 23, "column": 16 },
          "end": { "line": 23, "column": 55 }
        },
        "line": 23
      }
    },
    "branchMap": {
      "0": {
        "loc": {
          "start": { "line": 6, "column": 3 },
          "end": { "line": 6, "column": 32 }
        },
        "type": "binary-expr",
        "locations": [
          {
            "start": { "line": 6, "column": 3 },
            "end": { "line": 6, "column": 16 }
          },
          {
            "start": { "line": 6, "column": 20 },
            "end": { "line": 6, "column": 32 }
          }
        ],
        "line": 6
      }
    },
    "s": {
      "0": 4,
      "1": 3,
      "2": 4,
      "3": 4,
      "4": 1,
      "5": 4,
      "6": 4,
      "7": 1,
      "8": 4,
      "9": 4,
      "10": 1
    },
    "f": { "0": 3, "1": 4, "2": 1, "3": 4, "4": 1, "5": 4, "6": 1 },
    "b": { "0": [3, 0] },
    "_coverageSchema": "43e27e138ebf9cfc5966b082cf9a028302ed4184",
    "hash": "b5d193b30751138ea47c553328b11e0af30af7cf"
  },
  "/Users/mac/wednesday/react-native-boilerplate/app/containers/LanguageProvider/index.js": {
    "path": "/Users/mac/wednesday/react-native-boilerplate/app/containers/LanguageProvider/index.js",
    "statementMap": {
      "0": {
        "start": { "line": 18, "column": 2 },
        "end": { "line": 26, "column": 4 }
      },
      "1": {
        "start": { "line": 29, "column": 0 },
        "end": { "line": 33, "column": 2 }
      },
      "2": {
        "start": { "line": 35, "column": 24 },
        "end": { "line": 40, "column": 1 }
      },
      "3": {
        "start": { "line": 37, "column": 13 },
        "end": { "line": 39, "column": 3 }
      },
      "4": {
        "start": { "line": 43, "column": 2 },
        "end": { "line": 45, "column": 4 }
      }
    },
    "fnMap": {
      "0": {
        "name": "LanguageProvider",
        "decl": {
          "start": { "line": 17, "column": 16 },
          "end": { "line": 17, "column": 32 }
        },
        "loc": {
          "start": { "line": 17, "column": 40 },
          "end": { "line": 27, "column": 1 }
        },
        "line": 17
      },
      "1": {
        "name": "(anonymous_1)",
        "decl": {
          "start": { "line": 37, "column": 2 },
          "end": { "line": 37, "column": 3 }
        },
        "loc": {
          "start": { "line": 37, "column": 13 },
          "end": { "line": 39, "column": 3 }
        },
        "line": 37
      },
      "2": {
        "name": "mapDispatchToProps",
        "decl": {
          "start": { "line": 42, "column": 9 },
          "end": { "line": 42, "column": 27 }
        },
        "loc": {
          "start": { "line": 42, "column": 38 },
          "end": { "line": 46, "column": 1 }
        },
        "line": 42
      }
    },
    "branchMap": {},
    "s": { "0": 7, "1": 9, "2": 9, "3": 3, "4": 6 },
    "f": { "0": 7, "1": 3, "2": 6 },
    "b": {},
    "_coverageSchema": "43e27e138ebf9cfc5966b082cf9a028302ed4184",
    "hash": "1cec730eba761b667ba796ca5f04477463c0708a"
  },
  "/Users/mac/wednesday/react-native-boilerplate/app/containers/LanguageProvider/reducer.js": {
    "path": "/Users/mac/wednesday/react-native-boilerplate/app/containers/LanguageProvider/reducer.js",
    "statementMap": {
      "0": {
        "start": { "line": 14, "column": 4 },
        "end": { "line": 16, "column": 2 }
      },
      "1": {
        "start": { "line": 18, "column": 28 },
        "end": { "line": 20, "column": 2 }
      },
      "2": {
        "start": { "line": 23, "column": 39 },
        "end": { "line": 31, "column": 4 }
      },
      "3": {
        "start": { "line": 24, "column": 2 },
        "end": { "line": 31, "column": 4 }
      },
      "4": {
        "start": { "line": 25, "column": 4 },
        "end": { "line": 30, "column": 5 }
      },
      "5": {
        "start": { "line": 27, "column": 8 },
        "end": { "line": 27, "column": 49 }
      },
      "6": {
        "start": { "line": 29, "column": 8 },
        "end": { "line": 29, "column": 20 }
      }
    },
    "fnMap": {
      "0": {
        "name": "(anonymous_0)",
        "decl": {
          "start": { "line": 23, "column": 39 },
          "end": { "line": 23, "column": 40 }
        },
        "loc": {
          "start": { "line": 24, "column": 2 },
          "end": { "line": 31, "column": 4 }
        },
        "line": 24
      },
      "1": {
        "name": "(anonymous_1)",
        "decl": {
          "start": { "line": 24, "column": 17 },
          "end": { "line": 24, "column": 18 }
        },
        "loc": {
          "start": { "line": 24, "column": 34 },
          "end": { "line": 31, "column": 3 }
        },
        "line": 24
      }
    },
    "branchMap": {
      "0": {
        "loc": {
          "start": { "line": 23, "column": 40 },
          "end": { "line": 23, "column": 60 }
        },
        "type": "default-arg",
        "locations": [
          {
            "start": { "line": 23, "column": 48 },
            "end": { "line": 23, "column": 60 }
          }
        ],
        "line": 23
      },
      "1": {
        "loc": {
          "start": { "line": 25, "column": 4 },
          "end": { "line": 30, "column": 5 }
        },
        "type": "switch",
        "locations": [
          {
            "start": { "line": 26, "column": 6 },
            "end": { "line": 27, "column": 49 }
          },
          {
            "start": { "line": 28, "column": 6 },
            "end": { "line": 29, "column": 20 }
          }
        ],
        "line": 25
      }
    },
    "s": { "0": 11, "1": 11, "2": 11, "3": 2, "4": 2, "5": 1, "6": 1 },
    "f": { "0": 2, "1": 2 },
    "b": { "0": [2], "1": [1, 1] },
    "_coverageSchema": "43e27e138ebf9cfc5966b082cf9a028302ed4184",
    "hash": "f352d0caf65d8379a412d46724827fadda18e8c9"
  },
  "/Users/mac/wednesday/react-native-boilerplate/app/containers/LanguageProvider/selectors.js": {
    "path": "/Users/mac/wednesday/react-native-boilerplate/app/containers/LanguageProvider/selectors.js",
    "statementMap": {
      "0": {
        "start": { "line": 7, "column": 23 },
        "end": { "line": 7, "column": 71 }
      },
      "1": {
        "start": { "line": 7, "column": 32 },
        "end": { "line": 7, "column": 71 }
      },
      "2": {
        "start": { "line": 13, "column": 25 },
        "end": { "line": 17, "column": 3 }
      },
      "3": {
        "start": { "line": 14, "column": 2 },
        "end": { "line": 17, "column": 3 }
      },
      "4": {
        "start": { "line": 16, "column": 21 },
        "end": { "line": 16, "column": 41 }
      }
    },
    "fnMap": {
      "0": {
        "name": "(anonymous_0)",
        "decl": {
          "start": { "line": 7, "column": 23 },
          "end": { "line": 7, "column": 24 }
        },
        "loc": {
          "start": { "line": 7, "column": 32 },
          "end": { "line": 7, "column": 71 }
        },
        "line": 7
      },
      "1": {
        "name": "(anonymous_1)",
        "decl": {
          "start": { "line": 13, "column": 25 },
          "end": { "line": 13, "column": 26 }
        },
        "loc": {
          "start": { "line": 14, "column": 2 },
          "end": { "line": 17, "column": 3 }
        },
        "line": 14
      },
      "2": {
        "name": "(anonymous_2)",
        "decl": {
          "start": { "line": 16, "column": 4 },
          "end": { "line": 16, "column": 5 }
        },
        "loc": {
          "start": { "line": 16, "column": 21 },
          "end": { "line": 16, "column": 41 }
        },
        "line": 16
      }
    },
    "branchMap": {
      "0": {
        "loc": {
          "start": { "line": 7, "column": 33 },
          "end": { "line": 7, "column": 63 }
        },
        "type": "binary-expr",
        "locations": [
          {
            "start": { "line": 7, "column": 33 },
            "end": { "line": 7, "column": 47 }
          },
          {
            "start": { "line": 7, "column": 51 },
            "end": { "line": 7, "column": 63 }
          }
        ],
        "line": 7
      }
    },
    "s": { "0": 10, "1": 8, "2": 10, "3": 9, "4": 7 },
    "f": { "0": 8, "1": 9, "2": 7 },
    "b": { "0": [8, 7] },
    "_coverageSchema": "43e27e138ebf9cfc5966b082cf9a028302ed4184",
    "hash": "9c28c0edd0172d2ea531aea05cc8fd62f089d200"
  },
  "/Users/mac/wednesday/react-native-boilerplate/app/containers/RootScreen/index.js": {
    "path": "/Users/mac/wednesday/react-native-boilerplate/app/containers/RootScreen/index.js",
    "statementMap": {
      "0": {
        "start": { "line": 12, "column": 4 },
        "end": { "line": 12, "column": 25 }
      },
      "1": {
        "start": { "line": 16, "column": 4 },
        "end": { "line": 16, "column": 57 }
      },
      "2": {
        "start": { "line": 20, "column": 4 },
        "end": { "line": 27, "column": 6 }
      },
      "3": {
        "start": { "line": 31, "column": 0 },
        "end": { "line": 33, "column": 2 }
      },
      "4": {
        "start": { "line": 35, "column": 27 },
        "end": { "line": 37, "column": 2 }
      },
      "5": {
        "start": { "line": 35, "column": 40 },
        "end": { "line": 37, "column": 1 }
      },
      "6": {
        "start": { "line": 36, "column": 17 },
        "end": { "line": 36, "column": 54 }
      }
    },
    "fnMap": {
      "0": {
        "name": "(anonymous_0)",
        "decl": {
          "start": { "line": 10, "column": 2 },
          "end": { "line": 10, "column": 3 }
        },
        "loc": {
          "start": { "line": 10, "column": 22 },
          "end": { "line": 13, "column": 3 }
        },
        "line": 10
      },
      "1": {
        "name": "(anonymous_1)",
        "decl": {
          "start": { "line": 15, "column": 30 },
          "end": { "line": 15, "column": 31 }
        },
        "loc": {
          "start": { "line": 15, "column": 46 },
          "end": { "line": 17, "column": 3 }
        },
        "line": 15
      },
      "2": {
        "name": "(anonymous_2)",
        "decl": {
          "start": { "line": 19, "column": 2 },
          "end": { "line": 19, "column": 3 }
        },
        "loc": {
          "start": { "line": 19, "column": 11 },
          "end": { "line": 28, "column": 3 }
        },
        "line": 19
      },
      "3": {
        "name": "(anonymous_3)",
        "decl": {
          "start": { "line": 35, "column": 27 },
          "end": { "line": 35, "column": 28 }
        },
        "loc": {
          "start": { "line": 35, "column": 40 },
          "end": { "line": 37, "column": 1 }
        },
        "line": 35
      },
      "4": {
        "name": "(anonymous_4)",
        "decl": {
          "start": { "line": 36, "column": 11 },
          "end": { "line": 36, "column": 12 }
        },
        "loc": {
          "start": { "line": 36, "column": 17 },
          "end": { "line": 36, "column": 54 }
        },
        "line": 36
      }
    },
    "branchMap": {},
    "s": { "0": 4, "1": 4, "2": 4, "3": 2, "4": 2, "5": 1, "6": 1 },
    "f": { "0": 4, "1": 4, "2": 4, "3": 1, "4": 1 },
    "b": {},
    "_coverageSchema": "43e27e138ebf9cfc5966b082cf9a028302ed4184",
    "hash": "812340837baa8304026c4a304babbe70757cd8eb"
  },
  "/Users/mac/wednesday/react-native-boilerplate/app/containers/RootScreen/reducer.js": {
    "path": "/Users/mac/wednesday/react-native-boilerplate/app/containers/RootScreen/reducer.js",
    "statementMap": {
      "0": {
        "start": { "line": 7, "column": 4 },
        "end": { "line": 10, "column": 2 }
      },
      "1": {
        "start": { "line": 12, "column": 28 },
        "end": { "line": 14, "column": 2 }
      },
      "2": {
        "start": { "line": 16, "column": 36 },
        "end": { "line": 22, "column": 4 }
      },
      "3": {
        "start": { "line": 17, "column": 2 },
        "end": { "line": 22, "column": 4 }
      },
      "4": {
        "start": { "line": 18, "column": 4 },
        "end": { "line": 21, "column": 5 }
      },
      "5": {
        "start": { "line": 20, "column": 8 },
        "end": { "line": 20, "column": 21 }
      }
    },
    "fnMap": {
      "0": {
        "name": "(anonymous_0)",
        "decl": {
          "start": { "line": 16, "column": 36 },
          "end": { "line": 16, "column": 37 }
        },
        "loc": {
          "start": { "line": 17, "column": 2 },
          "end": { "line": 22, "column": 4 }
        },
        "line": 17
      },
      "1": {
        "name": "(anonymous_1)",
        "decl": {
          "start": { "line": 17, "column": 17 },
          "end": { "line": 17, "column": 18 }
        },
        "loc": {
          "start": { "line": 17, "column": 23 },
          "end": { "line": 22, "column": 3 }
        },
        "line": 17
      }
    },
    "branchMap": {
      "0": {
        "loc": {
          "start": { "line": 16, "column": 37 },
          "end": { "line": 16, "column": 57 }
        },
        "type": "default-arg",
        "locations": [
          {
            "start": { "line": 16, "column": 45 },
            "end": { "line": 16, "column": 57 }
          }
        ],
        "line": 16
      },
      "1": {
        "loc": {
          "start": { "line": 18, "column": 4 },
          "end": { "line": 21, "column": 5 }
        },
        "type": "switch",
        "locations": [
          {
            "start": { "line": 19, "column": 6 },
            "end": { "line": 20, "column": 21 }
          }
        ],
        "line": 18
      }
    },
    "s": { "0": 10, "1": 10, "2": 10, "3": 2, "4": 2, "5": 2 },
    "f": { "0": 2, "1": 2 },
    "b": { "0": [1], "1": [2] },
    "_coverageSchema": "43e27e138ebf9cfc5966b082cf9a028302ed4184",
    "hash": "0e37950191b5013bfd32482dd84f1085b5e47d1a"
  },
  "/Users/mac/wednesday/react-native-boilerplate/app/containers/RootScreen/saga.js": {
    "path": "/Users/mac/wednesday/react-native-boilerplate/app/containers/RootScreen/saga.js",
    "statementMap": {
      "0": {
        "start": { "line": 9, "column": 2 },
        "end": { "line": 9, "column": 75 }
      },
      "1": {
        "start": { "line": 9, "column": 19 },
        "end": { "line": 9, "column": 67 }
      },
      "2": {
        "start": { "line": 13, "column": 2 },
        "end": { "line": 13, "column": 53 }
      }
    },
    "fnMap": {
      "0": {
        "name": "startup",
        "decl": {
          "start": { "line": 8, "column": 17 },
          "end": { "line": 8, "column": 24 }
        },
        "loc": {
          "start": { "line": 8, "column": 27 },
          "end": { "line": 10, "column": 1 }
        },
        "line": 8
      },
      "1": {
        "name": "(anonymous_1)",
        "decl": {
          "start": { "line": 9, "column": 13 },
          "end": { "line": 9, "column": 14 }
        },
        "loc": {
          "start": { "line": 9, "column": 19 },
          "end": { "line": 9, "column": 67 }
        },
        "line": 9
      },
      "2": {
        "name": "startUpSaga",
        "decl": {
          "start": { "line": 12, "column": 25 },
          "end": { "line": 12, "column": 36 }
        },
        "loc": {
          "start": { "line": 12, "column": 39 },
          "end": { "line": 14, "column": 1 }
        },
        "line": 12
      }
    },
    "branchMap": {},
    "s": { "0": 3, "1": 1, "2": 7 },
    "f": { "0": 3, "1": 1, "2": 7 },
    "b": {},
    "_coverageSchema": "43e27e138ebf9cfc5966b082cf9a028302ed4184",
    "hash": "fb0a961e846a2dcb87131cbf2ad82cf583ccd055"
  },
  "/Users/mac/wednesday/react-native-boilerplate/app/navigators/AppNavigator.js": {
    "path": "/Users/mac/wednesday/react-native-boilerplate/app/navigators/AppNavigator.js",
    "statementMap": {
      "0": {
        "start": { "line": 10, "column": 23 },
        "end": { "line": 25, "column": 1 }
      }
    },
    "fnMap": {},
    "branchMap": {},
    "s": { "0": 2 },
    "f": {},
    "b": {},
    "_coverageSchema": "43e27e138ebf9cfc5966b082cf9a028302ed4184",
    "hash": "9e93bf478a2270f91c528741de60b29e8bf0c9a2"
  },
  "/Users/mac/wednesday/react-native-boilerplate/app/services/NavigationService.js": {
    "path": "/Users/mac/wednesday/react-native-boilerplate/app/services/NavigationService.js",
    "statementMap": {
      "0": {
        "start": { "line": 15, "column": 2 },
        "end": { "line": 15, "column": 27 }
      },
      "1": {
        "start": { "line": 25, "column": 2 },
        "end": { "line": 30, "column": 4 }
      },
      "2": {
        "start": { "line": 43, "column": 2 },
        "end": { "line": 54, "column": 4 }
      }
    },
    "fnMap": {
      "0": {
        "name": "setTopLevelNavigator",
        "decl": {
          "start": { "line": 14, "column": 9 },
          "end": { "line": 14, "column": 29 }
        },
        "loc": {
          "start": { "line": 14, "column": 44 },
          "end": { "line": 16, "column": 1 }
        },
        "line": 14
      },
      "1": {
        "name": "navigate",
        "decl": {
          "start": { "line": 24, "column": 9 },
          "end": { "line": 24, "column": 17 }
        },
        "loc": {
          "start": { "line": 24, "column": 37 },
          "end": { "line": 31, "column": 1 }
        },
        "line": 24
      },
      "2": {
        "name": "navigateAndReset",
        "decl": {
          "start": { "line": 42, "column": 9 },
          "end": { "line": 42, "column": 25 }
        },
        "loc": {
          "start": { "line": 42, "column": 45 },
          "end": { "line": 55, "column": 1 }
        },
        "line": 42
      }
    },
    "branchMap": {},
    "s": { "0": 4, "1": 0, "2": 0 },
    "f": { "0": 4, "1": 0, "2": 0 },
    "b": {},
    "_coverageSchema": "43e27e138ebf9cfc5966b082cf9a028302ed4184",
    "hash": "b306c487dbc0436468e98e5b9812e55f02087028"
  },
  "/Users/mac/wednesday/react-native-boilerplate/app/services/UserService.js": {
    "path": "/Users/mac/wednesday/react-native-boilerplate/app/services/UserService.js",
    "statementMap": {
      "0": {
        "start": { "line": 3, "column": 18 },
        "end": { "line": 3, "column": 48 }
      },
      "1": {
        "start": { "line": 4, "column": 23 },
        "end": { "line": 4, "column": 60 }
      },
      "2": {
        "start": { "line": 4, "column": 29 },
        "end": { "line": 4, "column": 60 }
      }
    },
    "fnMap": {
      "0": {
        "name": "(anonymous_0)",
        "decl": {
          "start": { "line": 4, "column": 23 },
          "end": { "line": 4, "column": 24 }
        },
        "loc": {
          "start": { "line": 4, "column": 29 },
          "end": { "line": 4, "column": 60 }
        },
        "line": 4
      }
    },
    "branchMap": {},
    "s": { "0": 10, "1": 10, "2": 1 },
    "f": { "0": 1 },
    "b": {},
    "_coverageSchema": "43e27e138ebf9cfc5966b082cf9a028302ed4184",
    "hash": "a897752d8b8853420618fba1786f7c229317729e"
  },
  "/Users/mac/wednesday/react-native-boilerplate/app/themes/colors.js": {
    "path": "/Users/mac/wednesday/react-native-boilerplate/app/themes/colors.js",
    "statementMap": {},
    "fnMap": {},
    "branchMap": {},
    "s": {},
    "f": {},
    "b": {},
    "_coverageSchema": "43e27e138ebf9cfc5966b082cf9a028302ed4184",
    "hash": "ca948910c49d40f0e826abeee27e7c84054300b2"
  },
  "/Users/mac/wednesday/react-native-boilerplate/app/themes/fonts.js": {
    "path": "/Users/mac/wednesday/react-native-boilerplate/app/themes/fonts.js",
    "statementMap": {
      "0": {
        "start": { "line": 4, "column": 16 },
        "end": { "line": 6, "column": 1 }
      },
      "1": {
        "start": { "line": 4, "column": 22 },
        "end": { "line": 6, "column": 1 }
      },
      "2": {
        "start": { "line": 7, "column": 14 },
        "end": { "line": 9, "column": 1 }
      },
      "3": {
        "start": { "line": 7, "column": 20 },
        "end": { "line": 9, "column": 1 }
      },
      "4": {
        "start": { "line": 10, "column": 12 },
        "end": { "line": 12, "column": 1 }
      },
      "5": {
        "start": { "line": 10, "column": 18 },
        "end": { "line": 12, "column": 1 }
      },
      "6": {
        "start": { "line": 13, "column": 14 },
        "end": { "line": 15, "column": 1 }
      },
      "7": {
        "start": { "line": 13, "column": 20 },
        "end": { "line": 15, "column": 1 }
      },
      "8": {
        "start": { "line": 18, "column": 14 },
        "end": { "line": 20, "column": 1 }
      },
      "9": {
        "start": { "line": 18, "column": 20 },
        "end": { "line": 20, "column": 1 }
      },
      "10": {
        "start": { "line": 21, "column": 13 },
        "end": { "line": 23, "column": 1 }
      },
      "11": {
        "start": { "line": 21, "column": 19 },
        "end": { "line": 23, "column": 1 }
      },
      "12": {
        "start": { "line": 25, "column": 15 },
        "end": { "line": 27, "column": 1 }
      },
      "13": {
        "start": { "line": 25, "column": 21 },
        "end": { "line": 27, "column": 1 }
      },
      "14": {
        "start": { "line": 30, "column": 16 },
        "end": { "line": 33, "column": 1 }
      },
      "15": {
        "start": { "line": 30, "column": 22 },
        "end": { "line": 33, "column": 1 }
      },
      "16": {
        "start": { "line": 35, "column": 19 },
        "end": { "line": 38, "column": 1 }
      },
      "17": {
        "start": { "line": 35, "column": 25 },
        "end": { "line": 38, "column": 1 }
      },
      "18": {
        "start": { "line": 40, "column": 17 },
        "end": { "line": 43, "column": 1 }
      },
      "19": {
        "start": { "line": 40, "column": 23 },
        "end": { "line": 43, "column": 1 }
      },
      "20": {
        "start": { "line": 45, "column": 16 },
        "end": { "line": 48, "column": 1 }
      },
      "21": {
        "start": { "line": 45, "column": 22 },
        "end": { "line": 48, "column": 1 }
      }
    },
    "fnMap": {
      "0": {
        "name": "(anonymous_0)",
        "decl": {
          "start": { "line": 4, "column": 16 },
          "end": { "line": 4, "column": 17 }
        },
        "loc": {
          "start": { "line": 4, "column": 22 },
          "end": { "line": 6, "column": 1 }
        },
        "line": 4
      },
      "1": {
        "name": "(anonymous_1)",
        "decl": {
          "start": { "line": 7, "column": 14 },
          "end": { "line": 7, "column": 15 }
        },
        "loc": {
          "start": { "line": 7, "column": 20 },
          "end": { "line": 9, "column": 1 }
        },
        "line": 7
      },
      "2": {
        "name": "(anonymous_2)",
        "decl": {
          "start": { "line": 10, "column": 12 },
          "end": { "line": 10, "column": 13 }
        },
        "loc": {
          "start": { "line": 10, "column": 18 },
          "end": { "line": 12, "column": 1 }
        },
        "line": 10
      },
      "3": {
        "name": "(anonymous_3)",
        "decl": {
          "start": { "line": 13, "column": 14 },
          "end": { "line": 13, "column": 15 }
        },
        "loc": {
          "start": { "line": 13, "column": 20 },
          "end": { "line": 15, "column": 1 }
        },
        "line": 13
      },
      "4": {
        "name": "(anonymous_4)",
        "decl": {
          "start": { "line": 18, "column": 14 },
          "end": { "line": 18, "column": 15 }
        },
        "loc": {
          "start": { "line": 18, "column": 20 },
          "end": { "line": 20, "column": 1 }
        },
        "line": 18
      },
      "5": {
        "name": "(anonymous_5)",
        "decl": {
          "start": { "line": 21, "column": 13 },
          "end": { "line": 21, "column": 14 }
        },
        "loc": {
          "start": { "line": 21, "column": 19 },
          "end": { "line": 23, "column": 1 }
        },
        "line": 21
      },
      "6": {
        "name": "(anonymous_6)",
        "decl": {
          "start": { "line": 25, "column": 15 },
          "end": { "line": 25, "column": 16 }
        },
        "loc": {
          "start": { "line": 25, "column": 21 },
          "end": { "line": 27, "column": 1 }
        },
        "line": 25
      },
      "7": {
        "name": "(anonymous_7)",
        "decl": {
          "start": { "line": 30, "column": 16 },
          "end": { "line": 30, "column": 17 }
        },
        "loc": {
          "start": { "line": 30, "column": 22 },
          "end": { "line": 33, "column": 1 }
        },
        "line": 30
      },
      "8": {
        "name": "(anonymous_8)",
        "decl": {
          "start": { "line": 35, "column": 19 },
          "end": { "line": 35, "column": 20 }
        },
        "loc": {
          "start": { "line": 35, "column": 25 },
          "end": { "line": 38, "column": 1 }
        },
        "line": 35
      },
      "9": {
        "name": "(anonymous_9)",
        "decl": {
          "start": { "line": 40, "column": 17 },
          "end": { "line": 40, "column": 18 }
        },
        "loc": {
          "start": { "line": 40, "column": 23 },
          "end": { "line": 43, "column": 1 }
        },
        "line": 40
      },
      "10": {
        "name": "(anonymous_10)",
        "decl": {
          "start": { "line": 45, "column": 16 },
          "end": { "line": 45, "column": 17 }
        },
        "loc": {
          "start": { "line": 45, "column": 22 },
          "end": { "line": 48, "column": 1 }
        },
        "line": 45
      }
    },
    "branchMap": {},
    "s": {
      "0": 5,
      "1": 15,
      "2": 5,
      "3": 3,
      "4": 5,
      "5": 3,
      "6": 5,
      "7": 3,
      "8": 5,
      "9": 1,
      "10": 5,
      "11": 5,
      "12": 5,
      "13": 17,
      "14": 5,
      "15": 2,
      "16": 5,
      "17": 2,
      "18": 5,
      "19": 14,
      "20": 5,
      "21": 2
    },
    "f": {
      "0": 15,
      "1": 3,
      "2": 3,
      "3": 3,
      "4": 1,
      "5": 5,
      "6": 17,
      "7": 2,
      "8": 2,
      "9": 14,
      "10": 2
    },
    "b": {},
    "_coverageSchema": "43e27e138ebf9cfc5966b082cf9a028302ed4184",
    "hash": "e1a772b0612849443657ba95d0062f51af5699be"
  },
  "/Users/mac/wednesday/react-native-boilerplate/app/themes/images.js": {
    "path": "/Users/mac/wednesday/react-native-boilerplate/app/themes/images.js",
    "statementMap": {},
    "fnMap": {},
    "branchMap": {},
    "s": {},
    "f": {},
    "b": {},
    "_coverageSchema": "43e27e138ebf9cfc5966b082cf9a028302ed4184",
    "hash": "b9afc5d36af1de384261b42bc4947c747ee25dbf"
  },
  "/Users/mac/wednesday/react-native-boilerplate/app/themes/index.js": {
    "path": "/Users/mac/wednesday/react-native-boilerplate/app/themes/index.js",
    "statementMap": {},
    "fnMap": {},
    "branchMap": {},
    "s": {},
    "f": {},
    "b": {},
    "_coverageSchema": "43e27e138ebf9cfc5966b082cf9a028302ed4184",
    "hash": "b84c05aa1b08acfeae7d5699c6b8afbb4314b4cb"
  },
  "/Users/mac/wednesday/react-native-boilerplate/app/utils/apiUtils.js": {
    "path": "/Users/mac/wednesday/react-native-boilerplate/app/utils/apiUtils.js",
    "statementMap": {
      "0": {
        "start": { "line": 6, "column": 26 },
        "end": { "line": 9, "column": 1 }
      },
      "1": {
        "start": { "line": 10, "column": 28 },
        "end": { "line": 10, "column": 68 }
      },
      "2": {
        "start": { "line": 10, "column": 52 },
        "end": { "line": 10, "column": 68 }
      },
      "3": {
        "start": { "line": 11, "column": 33 },
        "end": { "line": 20, "column": 1 }
      },
      "4": {
        "start": { "line": 12, "column": 2 },
        "end": { "line": 19, "column": 3 }
      },
      "5": {
        "start": { "line": 14, "column": 6 },
        "end": { "line": 14, "column": 70 }
      },
      "6": {
        "start": { "line": 15, "column": 6 },
        "end": { "line": 15, "column": 30 }
      },
      "7": {
        "start": { "line": 17, "column": 6 },
        "end": { "line": 17, "column": 72 }
      },
      "8": {
        "start": { "line": 18, "column": 6 },
        "end": { "line": 18, "column": 32 }
      },
      "9": {
        "start": { "line": 22, "column": 44 },
        "end": { "line": 43, "column": 1 }
      },
      "10": {
        "start": { "line": 23, "column": 14 },
        "end": { "line": 26, "column": 4 }
      },
      "11": {
        "start": { "line": 27, "column": 2 },
        "end": { "line": 33, "column": 5 }
      },
      "12": {
        "start": { "line": 28, "column": 25 },
        "end": { "line": 28, "column": 33 }
      },
      "13": {
        "start": { "line": 29, "column": 4 },
        "end": { "line": 31, "column": 5 }
      },
      "14": {
        "start": { "line": 30, "column": 6 },
        "end": { "line": 30, "column": 65 }
      },
      "15": {
        "start": { "line": 30, "column": 48 },
        "end": { "line": 30, "column": 63 }
      },
      "16": {
        "start": { "line": 32, "column": 4 },
        "end": { "line": 32, "column": 20 }
      },
      "17": {
        "start": { "line": 35, "column": 2 },
        "end": { "line": 41, "column": 5 }
      },
      "18": {
        "start": { "line": 36, "column": 21 },
        "end": { "line": 36, "column": 28 }
      },
      "19": {
        "start": { "line": 37, "column": 4 },
        "end": { "line": 39, "column": 5 }
      },
      "20": {
        "start": { "line": 38, "column": 6 },
        "end": { "line": 38, "column": 64 }
      },
      "21": {
        "start": { "line": 38, "column": 47 },
        "end": { "line": 38, "column": 62 }
      },
      "22": {
        "start": { "line": 40, "column": 4 },
        "end": { "line": 40, "column": 19 }
      },
      "23": {
        "start": { "line": 42, "column": 2 },
        "end": { "line": 42, "column": 13 }
      }
    },
    "fnMap": {
      "0": {
        "name": "(anonymous_0)",
        "decl": {
          "start": { "line": 10, "column": 28 },
          "end": { "line": 10, "column": 29 }
        },
        "loc": {
          "start": { "line": 10, "column": 52 },
          "end": { "line": 10, "column": 68 }
        },
        "line": 10
      },
      "1": {
        "name": "(anonymous_1)",
        "decl": {
          "start": { "line": 11, "column": 33 },
          "end": { "line": 11, "column": 34 }
        },
        "loc": {
          "start": { "line": 11, "column": 57 },
          "end": { "line": 20, "column": 1 }
        },
        "line": 11
      },
      "2": {
        "name": "(anonymous_2)",
        "decl": {
          "start": { "line": 22, "column": 44 },
          "end": { "line": 22, "column": 45 }
        },
        "loc": {
          "start": { "line": 22, "column": 55 },
          "end": { "line": 43, "column": 1 }
        },
        "line": 22
      },
      "3": {
        "name": "(anonymous_3)",
        "decl": {
          "start": { "line": 27, "column": 27 },
          "end": { "line": 27, "column": 28 }
        },
        "loc": {
          "start": { "line": 27, "column": 39 },
          "end": { "line": 33, "column": 3 }
        },
        "line": 27
      },
      "4": {
        "name": "(anonymous_4)",
        "decl": {
          "start": { "line": 30, "column": 40 },
          "end": { "line": 30, "column": 41 }
        },
        "loc": {
          "start": { "line": 30, "column": 48 },
          "end": { "line": 30, "column": 63 }
        },
        "line": 30
      },
      "5": {
        "name": "(anonymous_5)",
        "decl": {
          "start": { "line": 35, "column": 26 },
          "end": { "line": 35, "column": 27 }
        },
        "loc": {
          "start": { "line": 35, "column": 37 },
          "end": { "line": 41, "column": 3 }
        },
        "line": 35
      },
      "6": {
        "name": "(anonymous_6)",
        "decl": {
          "start": { "line": 38, "column": 39 },
          "end": { "line": 38, "column": 40 }
        },
        "loc": {
          "start": { "line": 38, "column": 47 },
          "end": { "line": 38, "column": 62 }
        },
        "line": 38
      }
    },
    "branchMap": {
      "0": {
        "loc": {
          "start": { "line": 10, "column": 29 },
          "end": { "line": 10, "column": 47 }
        },
        "type": "default-arg",
        "locations": [
          {
            "start": { "line": 10, "column": 36 },
            "end": { "line": 10, "column": 47 }
          }
        ],
        "line": 10
      },
      "1": {
        "loc": {
          "start": { "line": 11, "column": 34 },
          "end": { "line": 11, "column": 52 }
        },
        "type": "default-arg",
        "locations": [
          {
            "start": { "line": 11, "column": 41 },
            "end": { "line": 11, "column": 52 }
          }
        ],
        "line": 11
      },
      "2": {
        "loc": {
          "start": { "line": 12, "column": 2 },
          "end": { "line": 19, "column": 3 }
        },
        "type": "switch",
        "locations": [
          {
            "start": { "line": 13, "column": 4 },
            "end": { "line": 15, "column": 30 }
          },
          {
            "start": { "line": 16, "column": 4 },
            "end": { "line": 18, "column": 32 }
          }
        ],
        "line": 12
      },
      "3": {
        "loc": {
          "start": { "line": 29, "column": 4 },
          "end": { "line": 31, "column": 5 }
        },
        "type": "if",
        "locations": [
          {
            "start": { "line": 29, "column": 4 },
            "end": { "line": 31, "column": 5 }
          },
          {
            "start": { "line": 29, "column": 4 },
            "end": { "line": 31, "column": 5 }
          }
        ],
        "line": 29
      },
      "4": {
        "loc": {
          "start": { "line": 29, "column": 8 },
          "end": { "line": 29, "column": 18 }
        },
        "type": "binary-expr",
        "locations": [
          {
            "start": { "line": 29, "column": 8 },
            "end": { "line": 29, "column": 10 }
          },
          {
            "start": { "line": 29, "column": 14 },
            "end": { "line": 29, "column": 18 }
          }
        ],
        "line": 29
      },
      "5": {
        "loc": {
          "start": { "line": 37, "column": 4 },
          "end": { "line": 39, "column": 5 }
        },
        "type": "if",
        "locations": [
          {
            "start": { "line": 37, "column": 4 },
            "end": { "line": 39, "column": 5 }
          },
          {
            "start": { "line": 37, "column": 4 },
            "end": { "line": 39, "column": 5 }
          }
        ],
        "line": 37
      }
    },
    "s": {
      "0": 10,
      "1": 10,
      "2": 1,
      "3": 10,
      "4": 10,
      "5": 10,
      "6": 10,
      "7": 0,
      "8": 0,
      "9": 10,
      "10": 10,
      "11": 10,
      "12": 1,
      "13": 1,
      "14": 1,
      "15": 4,
      "16": 1,
      "17": 10,
      "18": 1,
      "19": 1,
      "20": 0,
      "21": 0,
      "22": 1,
      "23": 10
    },
    "f": { "0": 1, "1": 10, "2": 10, "3": 1, "4": 4, "5": 1, "6": 0 },
    "b": {
      "0": [1],
      "1": [0],
      "2": [10, 0],
      "3": [1, 0],
      "4": [1, 1],
      "5": [0, 1]
    },
    "_coverageSchema": "43e27e138ebf9cfc5966b082cf9a028302ed4184",
    "hash": "96dd6f5009ae680f5cdd96c238f3251c21b84a4a"
  },
  "/Users/mac/wednesday/react-native-boilerplate/app/utils/createStore.js": {
    "path": "/Users/mac/wednesday/react-native-boilerplate/app/utils/createStore.js",
    "statementMap": {
      "0": {
        "start": { "line": 16, "column": 22 },
        "end": { "line": 26, "column": 1 }
      },
      "1": {
        "start": { "line": 29, "column": 21 },
        "end": { "line": 29, "column": 23 }
      },
      "2": {
        "start": { "line": 30, "column": 20 },
        "end": { "line": 30, "column": 22 }
      },
      "3": {
        "start": { "line": 33, "column": 25 },
        "end": { "line": 33, "column": 47 }
      },
      "4": {
        "start": { "line": 34, "column": 2 },
        "end": { "line": 34, "column": 34 }
      },
      "5": {
        "start": { "line": 36, "column": 2 },
        "end": { "line": 36, "column": 49 }
      },
      "6": {
        "start": { "line": 39, "column": 27 },
        "end": { "line": 39, "column": 69 }
      },
      "7": {
        "start": { "line": 41, "column": 16 },
        "end": { "line": 41, "column": 68 }
      },
      "8": {
        "start": { "line": 42, "column": 20 },
        "end": { "line": 42, "column": 39 }
      },
      "9": {
        "start": { "line": 45, "column": 2 },
        "end": { "line": 45, "column": 31 }
      },
      "10": {
        "start": { "line": 47, "column": 2 },
        "end": { "line": 47, "column": 30 }
      }
    },
    "fnMap": {
      "0": {
        "name": "(anonymous_0)",
        "decl": {
          "start": { "line": 28, "column": 15 },
          "end": { "line": 28, "column": 16 }
        },
        "loc": {
          "start": { "line": 28, "column": 42 },
          "end": { "line": 48, "column": 1 }
        },
        "line": 28
      }
    },
    "branchMap": {},
    "s": {
      "0": 9,
      "1": 6,
      "2": 6,
      "3": 6,
      "4": 6,
      "5": 6,
      "6": 6,
      "7": 6,
      "8": 6,
      "9": 6,
      "10": 6
    },
    "f": { "0": 6 },
    "b": {},
    "_coverageSchema": "43e27e138ebf9cfc5966b082cf9a028302ed4184",
    "hash": "a05574541198e043ca987ad5fe265c0568888ea8"
  },
  "/Users/mac/wednesday/react-native-boilerplate/app/utils/testUtils.js": {
    "path": "/Users/mac/wednesday/react-native-boilerplate/app/utils/testUtils.js",
    "statementMap": {
      "0": {
        "start": { "line": 9, "column": 36 },
        "end": { "line": 12, "column": 2 }
      },
      "1": {
        "start": { "line": 9, "column": 51 },
        "end": { "line": 12, "column": 1 }
      },
      "2": {
        "start": { "line": 13, "column": 30 },
        "end": { "line": 21, "column": 3 }
      },
      "3": {
        "start": { "line": 14, "column": 2 },
        "end": { "line": 21, "column": 3 }
      },
      "4": {
        "start": { "line": 23, "column": 30 },
        "end": { "line": 32, "column": 1 }
      },
      "5": {
        "start": { "line": 24, "column": 20 },
        "end": { "line": 24, "column": 33 }
      },
      "6": {
        "start": { "line": 25, "column": 2 },
        "end": { "line": 31, "column": 4 }
      },
      "7": {
        "start": { "line": 34, "column": 23 },
        "end": { "line": 34, "column": 76 }
      },
      "8": {
        "start": { "line": 34, "column": 29 },
        "end": { "line": 34, "column": 76 }
      },
      "9": {
        "start": { "line": 34, "column": 52 },
        "end": { "line": 34, "column": 75 }
      }
    },
    "fnMap": {
      "0": {
        "name": "(anonymous_0)",
        "decl": {
          "start": { "line": 9, "column": 36 },
          "end": { "line": 9, "column": 37 }
        },
        "loc": {
          "start": { "line": 9, "column": 51 },
          "end": { "line": 12, "column": 1 }
        },
        "line": 9
      },
      "1": {
        "name": "(anonymous_1)",
        "decl": {
          "start": { "line": 13, "column": 30 },
          "end": { "line": 13, "column": 31 }
        },
        "loc": {
          "start": { "line": 14, "column": 2 },
          "end": { "line": 21, "column": 3 }
        },
        "line": 14
      },
      "2": {
        "name": "(anonymous_2)",
        "decl": {
          "start": { "line": 23, "column": 30 },
          "end": { "line": 23, "column": 31 }
        },
        "loc": {
          "start": { "line": 23, "column": 42 },
          "end": { "line": 32, "column": 1 }
        },
        "line": 23
      },
      "3": {
        "name": "(anonymous_3)",
        "decl": {
          "start": { "line": 34, "column": 23 },
          "end": { "line": 34, "column": 24 }
        },
        "loc": {
          "start": { "line": 34, "column": 29 },
          "end": { "line": 34, "column": 76 }
        },
        "line": 34
      },
      "4": {
        "name": "(anonymous_4)",
        "decl": {
          "start": { "line": 34, "column": 41 },
          "end": { "line": 34, "column": 42 }
        },
        "loc": {
          "start": { "line": 34, "column": 52 },
          "end": { "line": 34, "column": 75 }
        },
        "line": 34
      }
    },
    "branchMap": {},
    "s": {
      "0": 8,
      "1": 2,
      "2": 8,
      "3": 10,
      "4": 8,
      "5": 4,
      "6": 4,
      "7": 8,
      "8": 3,
      "9": 3
    },
    "f": { "0": 2, "1": 10, "2": 4, "3": 3, "4": 3 },
    "b": {},
    "_coverageSchema": "43e27e138ebf9cfc5966b082cf9a028302ed4184",
    "hash": "e3b22d7b9eb91527d7cfb71749a12581b851c582"
  }
}
