TN:
SF:/Users/mac/wednesday/react-native-boilerplate/app/app.js
FN:11,(anonymous_0)
FNF:1
FNH:1
FNDA:1,(anonymous_0)
DA:9,1
DA:11,1
DA:12,1
LF:3
LH:3
BRF:0
BRH:0
end_of_record
TN:
SF:/Users/mac/wednesday/react-native-boilerplate/app/i18n.js
FN:25,(anonymous_0)
FN:30,(anonymous_1)
FNF:2
FNH:2
FNDA:15,(anonymous_0)
FNDA:62,(anonymous_1)
DA:10,12
DA:12,12
DA:14,12
DA:16,12
DA:18,12
DA:21,12
DA:25,12
DA:27,15
DA:30,15
DA:32,62
DA:35,62
DA:37,15
DA:40,12
LF:13
LH:13
BRDA:27,0,0,1
BRDA:27,0,1,14
BRDA:32,1,0,1
BRDA:32,1,1,61
BRDA:32,2,0,62
BRDA:32,2,1,1
BRF:6
BRH:6
end_of_record
TN:
SF:/Users/mac/wednesday/react-native-boilerplate/app/rootReducer.js
FN:6,(anonymous_0)
FNF:1
FNH:1
FNDA:6,(anonymous_0)
DA:7,6
DA:11,6
LF:2
LH:2
BRF:0
BRH:0
end_of_record
TN:
SF:/Users/mac/wednesday/react-native-boilerplate/app/rootSaga.js
FN:5,root
FNF:1
FNH:1
FNDA:6,root
DA:6,6
DA:7,6
LF:2
LH:2
BRF:0
BRH:0
end_of_record
TN:
SF:/Users/mac/wednesday/react-native-boilerplate/app/assets/images/logo.png
FNF:0
FNH:0
DA:1,4
LF:1
LH:1
BRF:0
BRH:0
end_of_record
TN:
SF:/Users/mac/wednesday/react-native-boilerplate/app/assets/images/wednesday-logo.png
FNF:0
FNH:0
DA:1,4
LF:1
LH:1
BRF:0
BRH:0
end_of_record
TN:
SF:/Users/mac/wednesday/react-native-boilerplate/app/components/Container/index.js
FN:14,(anonymous_0)
FNF:1
FNH:1
FNDA:16,(anonymous_0)
DA:10,5
DA:14,5
DA:15,16
DA:18,5
LF:4
LH:4
BRF:0
BRH:0
end_of_record
TN:
SF:/Users/mac/wednesday/react-native-boilerplate/app/components/SplashScreen/index.js
FN:20,(anonymous_0)
FNF:1
FNH:1
FNDA:6,(anonymous_0)
DA:6,3
DA:13,3
DA:20,3
DA:21,6
LF:4
LH:4
BRF:0
BRH:0
end_of_record
TN:
SF:/Users/mac/wednesday/react-native-boilerplate/app/components/T/index.js
FN:13,(anonymous_0)
FNF:1
FNH:1
FNDA:9,(anonymous_0)
DA:13,5
DA:14,9
DA:17,5
DA:22,5
LF:4
LH:4
BRF:0
BRH:0
end_of_record
TN:
SF:/Users/mac/wednesday/react-native-boilerplate/app/config/index.js
FNF:0
FNH:0
DA:1,10
LF:1
LH:1
BRF:0
BRH:0
end_of_record
TN:
SF:/Users/mac/wednesday/react-native-boilerplate/app/containers/ExampleScreen/index.js
FN:90,(anonymous_0)
FN:94,(anonymous_1)
FN:94,(anonymous_2)
FN:98,(anonymous_3)
FN:153,(anonymous_4)
FN:154,(anonymous_5)
FNF:6
FNH:4
FNDA:4,(anonymous_0)
FNDA:7,(anonymous_1)
FNDA:4,(anonymous_2)
FNDA:4,(anonymous_3)
FNDA:0,(anonymous_4)
FNDA:0,(anonymous_5)
DA:28,3
DA:34,3
DA:40,3
DA:47,3
DA:53,3
DA:58,3
DA:65,3
DA:70,3
DA:75,3
DA:80,3
DA:83,3
DA:91,4
DA:94,7
DA:95,4
DA:99,4
DA:140,3
DA:147,3
DA:153,3
DA:154,0
DA:157,3
LF:20
LH:19
BRDA:101,0,0,1
BRDA:101,0,1,3
BRDA:110,1,0,0
BRDA:110,1,1,3
BRDA:118,2,0,3
BRDA:118,2,1,3
BRF:6
BRH:5
end_of_record
TN:
SF:/Users/mac/wednesday/react-native-boilerplate/app/containers/ExampleScreen/reducer.js
FN:22,(anonymous_0)
FN:25,(anonymous_1)
FN:31,(anonymous_2)
FN:40,(anonymous_3)
FN:41,(anonymous_4)
FNF:5
FNH:5
FNDA:1,(anonymous_0)
FNDA:1,(anonymous_1)
FNDA:1,(anonymous_2)
FNDA:30,(anonymous_3)
FNDA:30,(anonymous_4)
DA:7,11
DA:16,11
DA:22,11
DA:23,1
DA:25,11
DA:26,1
DA:31,11
DA:32,1
DA:40,11
DA:41,30
DA:42,30
DA:44,1
DA:46,1
DA:48,1
DA:50,27
LF:15
LH:15
BRDA:40,0,0,19
BRDA:42,1,0,1
BRDA:42,1,1,1
BRDA:42,1,2,1
BRDA:42,1,3,27
BRF:5
BRH:5
end_of_record
TN:
SF:/Users/mac/wednesday/react-native-boilerplate/app/containers/ExampleScreen/saga.js
FN:12,fetchUser
FN:26,searchListContainerSaga
FNF:2
FNH:2
FNDA:2,fetchUser
FNDA:7,searchListContainerSaga
DA:13,2
DA:14,2
DA:15,1
DA:16,1
DA:18,1
DA:27,7
LF:6
LH:6
BRDA:14,0,0,1
BRDA:14,0,1,1
BRF:2
BRH:2
end_of_record
TN:
SF:/Users/mac/wednesday/react-native-boilerplate/app/containers/ExampleScreen/selectors.js
FN:5,(anonymous_0)
FN:8,(anonymous_1)
FN:11,(anonymous_2)
FN:14,(anonymous_3)
FN:17,(anonymous_4)
FN:20,(anonymous_5)
FN:23,(anonymous_6)
FNF:7
FNH:7
FNDA:3,(anonymous_0)
FNDA:4,(anonymous_1)
FNDA:1,(anonymous_2)
FNDA:4,(anonymous_3)
FNDA:1,(anonymous_4)
FNDA:4,(anonymous_5)
FNDA:1,(anonymous_6)
DA:5,4
DA:6,3
DA:8,4
DA:9,4
DA:11,1
DA:14,4
DA:15,4
DA:17,1
DA:20,4
DA:21,4
DA:23,1
LF:11
LH:11
BRDA:6,0,0,3
BRDA:6,0,1,0
BRF:2
BRH:1
end_of_record
TN:
SF:/Users/mac/wednesday/react-native-boilerplate/app/containers/LanguageProvider/index.js
FN:17,LanguageProvider
FN:37,(anonymous_1)
FN:42,mapDispatchToProps
FNF:3
FNH:3
FNDA:7,LanguageProvider
FNDA:3,(anonymous_1)
FNDA:6,mapDispatchToProps
DA:18,7
DA:29,9
DA:35,9
DA:37,3
DA:43,6
LF:5
LH:5
BRF:0
BRH:0
end_of_record
TN:
SF:/Users/mac/wednesday/react-native-boilerplate/app/containers/LanguageProvider/reducer.js
FN:23,(anonymous_0)
FN:24,(anonymous_1)
FNF:2
FNH:2
FNDA:2,(anonymous_0)
FNDA:2,(anonymous_1)
DA:14,11
DA:18,11
DA:23,11
DA:24,2
DA:25,2
DA:27,1
DA:29,1
LF:7
LH:7
BRDA:23,0,0,2
BRDA:25,1,0,1
BRDA:25,1,1,1
BRF:3
BRH:3
end_of_record
TN:
SF:/Users/mac/wednesday/react-native-boilerplate/app/containers/LanguageProvider/selectors.js
FN:7,(anonymous_0)
FN:13,(anonymous_1)
FN:16,(anonymous_2)
FNF:3
FNH:3
FNDA:8,(anonymous_0)
FNDA:9,(anonymous_1)
FNDA:7,(anonymous_2)
DA:7,10
DA:13,10
DA:14,9
DA:16,7
LF:4
LH:4
BRDA:7,0,0,8
BRDA:7,0,1,7
BRF:2
BRH:2
end_of_record
TN:
SF:/Users/mac/wednesday/react-native-boilerplate/app/containers/RootScreen/index.js
FN:10,(anonymous_0)
FN:15,(anonymous_1)
FN:19,(anonymous_2)
FN:35,(anonymous_3)
FN:36,(anonymous_4)
FNF:5
FNH:5
FNDA:4,(anonymous_0)
FNDA:4,(anonymous_1)
FNDA:4,(anonymous_2)
FNDA:1,(anonymous_3)
FNDA:1,(anonymous_4)
DA:12,4
DA:16,4
DA:20,4
DA:31,2
DA:35,2
DA:36,1
LF:6
LH:6
BRF:0
BRH:0
end_of_record
TN:
SF:/Users/mac/wednesday/react-native-boilerplate/app/containers/RootScreen/reducer.js
FN:16,(anonymous_0)
FN:17,(anonymous_1)
FNF:2
FNH:2
FNDA:2,(anonymous_0)
FNDA:2,(anonymous_1)
DA:7,10
DA:12,10
DA:16,10
DA:17,2
DA:18,2
DA:20,2
LF:6
LH:6
BRDA:16,0,0,1
BRDA:18,1,0,2
BRF:2
BRH:2
end_of_record
TN:
SF:/Users/mac/wednesday/react-native-boilerplate/app/containers/RootScreen/saga.js
FN:8,startup
FN:9,(anonymous_1)
FN:12,startUpSaga
FNF:3
FNH:3
FNDA:3,startup
FNDA:1,(anonymous_1)
FNDA:7,startUpSaga
DA:9,3
DA:13,7
LF:2
LH:2
BRF:0
BRH:0
end_of_record
TN:
SF:/Users/mac/wednesday/react-native-boilerplate/app/navigators/AppNavigator.js
FNF:0
FNH:0
DA:10,2
LF:1
LH:1
BRF:0
BRH:0
end_of_record
TN:
SF:/Users/mac/wednesday/react-native-boilerplate/app/services/NavigationService.js
FN:14,setTopLevelNavigator
FN:24,navigate
FN:42,navigateAndReset
FNF:3
FNH:1
FNDA:4,setTopLevelNavigator
FNDA:0,navigate
FNDA:0,navigateAndReset
DA:15,4
DA:25,0
DA:43,0
LF:3
LH:1
BRF:0
BRH:0
end_of_record
TN:
SF:/Users/mac/wednesday/react-native-boilerplate/app/services/UserService.js
FN:4,(anonymous_0)
FNF:1
FNH:1
FNDA:1,(anonymous_0)
DA:3,10
DA:4,10
LF:2
LH:2
BRF:0
BRH:0
end_of_record
TN:
SF:/Users/mac/wednesday/react-native-boilerplate/app/themes/colors.js
FNF:0
FNH:0
LF:0
LH:0
BRF:0
BRH:0
end_of_record
TN:
SF:/Users/mac/wednesday/react-native-boilerplate/app/themes/fonts.js
FN:4,(anonymous_0)
FN:7,(anonymous_1)
FN:10,(anonymous_2)
FN:13,(anonymous_3)
FN:18,(anonymous_4)
FN:21,(anonymous_5)
FN:25,(anonymous_6)
FN:30,(anonymous_7)
FN:35,(anonymous_8)
FN:40,(anonymous_9)
FN:45,(anonymous_10)
FNF:11
FNH:11
FNDA:15,(anonymous_0)
FNDA:3,(anonymous_1)
FNDA:3,(anonymous_2)
FNDA:3,(anonymous_3)
FNDA:1,(anonymous_4)
FNDA:5,(anonymous_5)
FNDA:17,(anonymous_6)
FNDA:2,(anonymous_7)
FNDA:2,(anonymous_8)
FNDA:14,(anonymous_9)
FNDA:2,(anonymous_10)
DA:4,15
DA:7,5
DA:10,5
DA:13,5
DA:18,5
DA:21,5
DA:25,17
DA:30,5
DA:35,5
DA:40,14
DA:45,5
LF:11
LH:11
BRF:0
BRH:0
end_of_record
TN:
SF:/Users/mac/wednesday/react-native-boilerplate/app/themes/images.js
FNF:0
FNH:0
LF:0
LH:0
BRF:0
BRH:0
end_of_record
TN:
SF:/Users/mac/wednesday/react-native-boilerplate/app/themes/index.js
FNF:0
FNH:0
LF:0
LH:0
BRF:0
BRH:0
end_of_record
TN:
SF:/Users/mac/wednesday/react-native-boilerplate/app/utils/apiUtils.js
FN:10,(anonymous_0)
FN:11,(anonymous_1)
FN:22,(anonymous_2)
FN:27,(anonymous_3)
FN:30,(anonymous_4)
FN:35,(anonymous_5)
FN:38,(anonymous_6)
FNF:7
FNH:6
FNDA:1,(anonymous_0)
FNDA:10,(anonymous_1)
FNDA:10,(anonymous_2)
FNDA:1,(anonymous_3)
FNDA:4,(anonymous_4)
FNDA:1,(anonymous_5)
FNDA:0,(anonymous_6)
DA:6,10
DA:10,10
DA:11,10
DA:12,10
DA:14,10
DA:15,10
DA:17,0
DA:18,0
DA:22,10
DA:23,10
DA:27,10
DA:28,1
DA:29,1
DA:30,4
DA:32,1
DA:35,10
DA:36,1
DA:37,1
DA:38,0
DA:40,1
DA:42,10
LF:21
LH:18
BRDA:10,0,0,1
BRDA:11,1,0,0
BRDA:12,2,0,10
BRDA:12,2,1,0
BRDA:29,3,0,1
BRDA:29,3,1,0
BRDA:29,4,0,1
BRDA:29,4,1,1
BRDA:37,5,0,0
BRDA:37,5,1,1
BRF:10
BRH:6
end_of_record
TN:
SF:/Users/mac/wednesday/react-native-boilerplate/app/utils/createStore.js
FN:28,(anonymous_0)
FNF:1
FNH:1
FNDA:6,(anonymous_0)
DA:16,9
DA:29,6
DA:30,6
DA:33,6
DA:34,6
DA:36,6
DA:39,6
DA:41,6
DA:42,6
DA:45,6
DA:47,6
LF:11
LH:11
BRF:0
BRH:0
end_of_record
TN:
SF:/Users/mac/wednesday/react-native-boilerplate/app/utils/testUtils.js
FN:9,(anonymous_0)
FN:13,(anonymous_1)
FN:23,(anonymous_2)
FN:34,(anonymous_3)
FN:34,(anonymous_4)
FNF:5
FNH:5
FNDA:2,(anonymous_0)
FNDA:10,(anonymous_1)
FNDA:4,(anonymous_2)
FNDA:3,(anonymous_3)
FNDA:3,(anonymous_4)
DA:9,8
DA:13,8
DA:14,10
DA:23,8
DA:24,4
DA:25,4
DA:34,8
LF:7
LH:7
BRF:0
BRH:0
end_of_record
