TN:
SF:/Users/apple/Projects/expo_react_native/react-native-template/app/i18n.js
FN:25,(anonymous_0)
FN:30,(anonymous_1)
FNF:2
FNH:2
FNDA:14,(anonymous_0)
FNDA:57,(anonymous_1)
DA:10,11
DA:12,11
DA:14,11
DA:16,11
DA:18,11
DA:21,11
DA:25,11
DA:27,14
DA:30,14
DA:32,57
DA:35,57
DA:37,14
DA:40,11
LF:13
LH:13
BRDA:27,0,0,1
BRDA:27,0,1,13
BRDA:32,1,0,1
BRDA:32,1,1,56
BRDA:32,2,0,57
BRDA:32,2,1,1
BRF:6
BRH:6
end_of_record
TN:
SF:/Users/apple/Projects/expo_react_native/react-native-template/app/rootReducer.js
FN:6,(anonymous_0)
FNF:1
FNH:1
FNDA:5,(anonymous_0)
DA:7,5
DA:11,5
LF:2
LH:2
BRF:0
BRH:0
end_of_record
TN:
SF:/Users/apple/Projects/expo_react_native/react-native-template/app/rootSaga.js
FN:5,root
FNF:1
FNH:1
FNDA:5,root
DA:6,5
DA:7,5
LF:2
LH:2
BRF:0
BRH:0
end_of_record
TN:
SF:/Users/apple/Projects/expo_react_native/react-native-template/app/components/atoms/Container/index.js
FN:14,(anonymous_0)
FNF:1
FNH:1
FNDA:14,(anonymous_0)
DA:10,4
DA:14,4
DA:15,14
DA:18,4
LF:4
LH:4
BRF:0
BRH:0
end_of_record
TN:
SF:/Users/apple/Projects/expo_react_native/react-native-template/app/components/atoms/LanguageProvider/actions.js
FN:9,changeLocale
FNF:1
FNH:0
FNDA:0,changeLocale
DA:10,0
LF:1
LH:0
BRF:0
BRH:0
end_of_record
TN:
SF:/Users/apple/Projects/expo_react_native/react-native-template/app/components/atoms/LanguageProvider/constants.js
FNF:0
FNH:0
DA:1,0
LF:1
LH:0
BRF:0
BRH:0
end_of_record
TN:
SF:/Users/apple/Projects/expo_react_native/react-native-template/app/components/atoms/LanguageProvider/index.js
FN:17,LanguageProvider
FN:35,(anonymous_1)
FN:39,mapDispatchToProps
FNF:3
FNH:3
FNDA:6,LanguageProvider
FNDA:2,(anonymous_1)
FNDA:5,mapDispatchToProps
DA:18,6
DA:29,8
DA:35,8
DA:40,5
LF:4
LH:4
BRF:0
BRH:0
end_of_record
TN:
SF:/Users/apple/Projects/expo_react_native/react-native-template/app/components/atoms/LanguageProvider/reducer.js
FN:23,(anonymous_0)
FN:24,(anonymous_1)
FNF:2
FNH:2
FNDA:2,(anonymous_0)
FNDA:2,(anonymous_1)
DA:14,10
DA:18,10
DA:23,10
DA:24,2
DA:25,2
DA:27,1
DA:29,1
LF:7
LH:7
BRDA:23,0,0,2
BRDA:25,1,0,1
BRDA:25,1,1,1
BRF:3
BRH:3
end_of_record
TN:
SF:/Users/apple/Projects/expo_react_native/react-native-template/app/components/atoms/LanguageProvider/selectors.js
FN:7,(anonymous_0)
FN:13,(anonymous_1)
FN:14,(anonymous_2)
FNF:3
FNH:3
FNDA:6,(anonymous_0)
FNDA:8,(anonymous_1)
FNDA:5,(anonymous_2)
DA:7,9
DA:13,9
DA:14,8
LF:3
LH:3
BRDA:7,0,0,6
BRDA:7,0,1,5
BRF:2
BRH:2
end_of_record
TN:
SF:/Users/apple/Projects/expo_react_native/react-native-template/app/components/atoms/T/index.js
FN:13,(anonymous_0)
FNF:1
FNH:1
FNDA:9,(anonymous_0)
DA:13,4
DA:14,9
DA:17,4
DA:22,4
LF:4
LH:4
BRF:0
BRH:0
end_of_record
TN:
SF:/Users/apple/Projects/expo_react_native/react-native-template/app/components/molecules/index.js
FNF:0
FNH:0
LF:0
LH:0
BRF:0
BRH:0
end_of_record
TN:
SF:/Users/apple/Projects/expo_react_native/react-native-template/app/components/organisms/index.js
FNF:0
FNH:0
LF:0
LH:0
BRF:0
BRH:0
end_of_record
TN:
SF:/Users/apple/Projects/expo_react_native/react-native-template/app/config/index.dev.js
FNF:0
FNH:0
DA:1,0
LF:1
LH:0
BRF:0
BRH:0
end_of_record
TN:
SF:/Users/apple/Projects/expo_react_native/react-native-template/app/config/index.js
FNF:0
FNH:0
DA:1,9
LF:1
LH:1
BRF:0
BRH:0
end_of_record
TN:
SF:/Users/apple/Projects/expo_react_native/react-native-template/app/config/index.production.js
FNF:0
FNH:0
DA:1,0
LF:1
LH:0
BRF:0
BRH:0
end_of_record
TN:
SF:/Users/apple/Projects/expo_react_native/react-native-template/app/navigators/AppNavigator.js
FNF:0
FNH:0
DA:10,1
LF:1
LH:1
BRF:0
BRH:0
end_of_record
TN:
SF:/Users/apple/Projects/expo_react_native/react-native-template/app/scenes/ExampleScreen/index.js
FN:90,(anonymous_0)
FN:94,(anonymous_1)
FN:94,(anonymous_2)
FN:98,(anonymous_3)
FN:153,(anonymous_4)
FN:154,(anonymous_5)
FNF:6
FNH:4
FNDA:4,(anonymous_0)
FNDA:7,(anonymous_1)
FNDA:4,(anonymous_2)
FNDA:4,(anonymous_3)
FNDA:0,(anonymous_4)
FNDA:0,(anonymous_5)
DA:28,2
DA:34,2
DA:40,2
DA:47,2
DA:53,2
DA:58,2
DA:65,2
DA:70,2
DA:75,2
DA:80,2
DA:83,2
DA:91,4
DA:94,7
DA:95,4
DA:99,4
DA:140,2
DA:147,2
DA:153,2
DA:154,0
DA:157,2
LF:20
LH:19
BRDA:101,0,0,1
BRDA:101,0,1,3
BRDA:110,1,0,0
BRDA:110,1,1,3
BRDA:118,2,0,3
BRDA:118,2,1,3
BRF:6
BRH:5
end_of_record
TN:
SF:/Users/apple/Projects/expo_react_native/react-native-template/app/scenes/ExampleScreen/reducer.js
FN:22,(anonymous_0)
FN:25,(anonymous_1)
FN:31,(anonymous_2)
FN:40,(anonymous_3)
FN:41,(anonymous_4)
FNF:5
FNH:5
FNDA:1,(anonymous_0)
FNDA:1,(anonymous_1)
FNDA:1,(anonymous_2)
FNDA:24,(anonymous_3)
FNDA:24,(anonymous_4)
DA:7,10
DA:16,10
DA:22,10
DA:23,1
DA:25,10
DA:26,1
DA:31,10
DA:32,1
DA:40,10
DA:41,24
DA:42,24
DA:44,1
DA:46,1
DA:48,1
DA:50,21
LF:15
LH:15
BRDA:40,0,0,16
BRDA:42,1,0,1
BRDA:42,1,1,1
BRDA:42,1,2,1
BRDA:42,1,3,21
BRF:5
BRH:5
end_of_record
TN:
SF:/Users/apple/Projects/expo_react_native/react-native-template/app/scenes/ExampleScreen/saga.js
FN:12,fetchUser
FN:26,searchListContainerSaga
FNF:2
FNH:2
FNDA:2,fetchUser
FNDA:6,searchListContainerSaga
DA:13,2
DA:14,2
DA:15,1
DA:16,1
DA:18,1
DA:27,6
LF:6
LH:6
BRDA:14,0,0,1
BRDA:14,0,1,1
BRF:2
BRH:2
end_of_record
TN:
SF:/Users/apple/Projects/expo_react_native/react-native-template/app/scenes/ExampleScreen/selectors.js
FN:5,(anonymous_0)
FN:8,(anonymous_1)
FN:9,(anonymous_2)
FN:11,(anonymous_3)
FN:12,(anonymous_4)
FN:16,(anonymous_5)
FN:17,(anonymous_6)
FNF:7
FNH:7
FNDA:3,(anonymous_0)
FNDA:3,(anonymous_1)
FNDA:1,(anonymous_2)
FNDA:3,(anonymous_3)
FNDA:1,(anonymous_4)
FNDA:3,(anonymous_5)
FNDA:1,(anonymous_6)
DA:5,3
DA:6,3
DA:8,3
DA:9,3
DA:11,3
DA:12,3
DA:13,1
DA:16,3
DA:17,3
DA:18,1
LF:10
LH:10
BRDA:6,0,0,3
BRDA:6,0,1,0
BRF:2
BRH:1
end_of_record
TN:
SF:/Users/apple/Projects/expo_react_native/react-native-template/app/scenes/RootScreen/index.js
FN:11,(anonymous_0)
FN:16,(anonymous_1)
FN:20,(anonymous_2)
FN:36,(anonymous_3)
FN:37,(anonymous_4)
FNF:5
FNH:3
FNDA:3,(anonymous_0)
FNDA:3,(anonymous_1)
FNDA:3,(anonymous_2)
FNDA:0,(anonymous_3)
FNDA:0,(anonymous_4)
DA:13,3
DA:16,3
DA:17,3
DA:21,3
DA:32,1
DA:36,1
DA:37,0
LF:7
LH:6
BRF:0
BRH:0
end_of_record
TN:
SF:/Users/apple/Projects/expo_react_native/react-native-template/app/scenes/RootScreen/reducer.js
FN:16,(anonymous_0)
FN:17,(anonymous_1)
FNF:2
FNH:2
FNDA:2,(anonymous_0)
FNDA:2,(anonymous_1)
DA:7,9
DA:12,9
DA:16,9
DA:17,2
DA:18,2
DA:20,2
LF:6
LH:6
BRDA:16,0,0,1
BRDA:18,1,0,2
BRF:2
BRH:2
end_of_record
TN:
SF:/Users/apple/Projects/expo_react_native/react-native-template/app/scenes/RootScreen/saga.js
FN:8,startup
FN:9,(anonymous_1)
FN:12,startUpSaga
FNF:3
FNH:3
FNDA:2,startup
FNDA:1,(anonymous_1)
FNDA:6,startUpSaga
DA:9,2
DA:13,6
LF:2
LH:2
BRF:0
BRH:0
end_of_record
TN:
SF:/Users/apple/Projects/expo_react_native/react-native-template/app/scenes/SplashScreen/index.js
FN:20,(anonymous_0)
FNF:1
FNH:1
FNDA:5,(anonymous_0)
DA:6,2
DA:13,2
DA:20,2
DA:21,5
LF:4
LH:4
BRF:0
BRH:0
end_of_record
TN:
SF:/Users/apple/Projects/expo_react_native/react-native-template/app/services/NavigationService.js
FN:14,setTopLevelNavigator
FN:24,navigate
FN:42,navigateAndReset
FNF:3
FNH:1
FNDA:3,setTopLevelNavigator
FNDA:0,navigate
FNDA:0,navigateAndReset
DA:15,3
DA:25,0
DA:43,0
LF:3
LH:1
BRF:0
BRH:0
end_of_record
TN:
SF:/Users/apple/Projects/expo_react_native/react-native-template/app/services/UserService.js
FN:4,(anonymous_0)
FNF:1
FNH:1
FNDA:1,(anonymous_0)
DA:3,9
DA:4,9
LF:2
LH:2
BRF:0
BRH:0
end_of_record
TN:
SF:/Users/apple/Projects/expo_react_native/react-native-template/app/themes/colors.js
FNF:0
FNH:0
LF:0
LH:0
BRF:0
BRH:0
end_of_record
TN:
SF:/Users/apple/Projects/expo_react_native/react-native-template/app/themes/fonts.js
FN:4,(anonymous_0)
FN:7,(anonymous_1)
FN:10,(anonymous_2)
FN:13,(anonymous_3)
FN:18,(anonymous_4)
FN:21,(anonymous_5)
FN:25,(anonymous_6)
FN:30,(anonymous_7)
FN:35,(anonymous_8)
FN:40,(anonymous_9)
FN:45,(anonymous_10)
FNF:11
FNH:11
FNDA:11,(anonymous_0)
FNDA:3,(anonymous_1)
FNDA:3,(anonymous_2)
FNDA:3,(anonymous_3)
FNDA:1,(anonymous_4)
FNDA:5,(anonymous_5)
FNDA:13,(anonymous_6)
FNDA:2,(anonymous_7)
FNDA:2,(anonymous_8)
FNDA:10,(anonymous_9)
FNDA:2,(anonymous_10)
DA:4,11
DA:7,4
DA:10,4
DA:13,4
DA:18,4
DA:21,5
DA:25,13
DA:30,4
DA:35,4
DA:40,10
DA:45,4
LF:11
LH:11
BRF:0
BRH:0
end_of_record
TN:
SF:/Users/apple/Projects/expo_react_native/react-native-template/app/themes/images.js
FNF:0
FNH:0
LF:0
LH:0
BRF:0
BRH:0
end_of_record
TN:
SF:/Users/apple/Projects/expo_react_native/react-native-template/app/themes/index.js
FNF:0
FNH:0
LF:0
LH:0
BRF:0
BRH:0
end_of_record
TN:
SF:/Users/apple/Projects/expo_react_native/react-native-template/app/utils/apiUtils.js
FN:10,(anonymous_0)
FN:11,(anonymous_1)
FN:22,(anonymous_2)
FN:27,(anonymous_3)
FN:30,(anonymous_4)
FN:35,(anonymous_5)
FN:38,(anonymous_6)
FNF:7
FNH:6
FNDA:1,(anonymous_0)
FNDA:9,(anonymous_1)
FNDA:9,(anonymous_2)
FNDA:1,(anonymous_3)
FNDA:4,(anonymous_4)
FNDA:1,(anonymous_5)
FNDA:0,(anonymous_6)
DA:6,9
DA:10,9
DA:11,9
DA:12,9
DA:14,9
DA:15,9
DA:17,0
DA:18,0
DA:22,9
DA:23,9
DA:27,9
DA:28,1
DA:29,1
DA:30,4
DA:32,1
DA:35,9
DA:36,1
DA:37,1
DA:38,0
DA:40,1
DA:42,9
LF:21
LH:18
BRDA:10,0,0,1
BRDA:11,1,0,0
BRDA:12,2,0,9
BRDA:12,2,1,0
BRDA:29,3,0,1
BRDA:29,3,1,0
BRDA:29,4,0,1
BRDA:29,4,1,1
BRDA:37,5,0,0
BRDA:37,5,1,1
BRF:10
BRH:6
end_of_record
TN:
SF:/Users/apple/Projects/expo_react_native/react-native-template/app/utils/createStore.js
FN:28,(anonymous_0)
FNF:1
FNH:1
FNDA:5,(anonymous_0)
DA:16,8
DA:29,5
DA:30,5
DA:33,5
DA:34,5
DA:36,5
DA:39,5
DA:41,5
DA:42,5
DA:45,5
DA:47,5
LF:11
LH:11
BRF:0
BRH:0
end_of_record
TN:
SF:/Users/apple/Projects/expo_react_native/react-native-template/app/utils/testUtils.js
FN:9,(anonymous_0)
FN:13,(anonymous_1)
FN:23,(anonymous_2)
FN:34,(anonymous_3)
FN:34,(anonymous_4)
FNF:5
FNH:5
FNDA:2,(anonymous_0)
FNDA:10,(anonymous_1)
FNDA:4,(anonymous_2)
FNDA:3,(anonymous_3)
FNDA:3,(anonymous_4)
DA:9,8
DA:13,8
DA:14,10
DA:23,8
DA:24,4
DA:25,4
DA:34,8
LF:7
LH:7
BRF:0
BRH:0
end_of_record
